[ 2017-05-01T19:13:59+08:00 ] 10.105.123.228 223.167.127.22 GET /linquan2/index.php/user/usercenter/index?token=MTMzODE3MzA5MTM=
[ log ] 115.159.111.127/linquan2/index.php/user/usercenter/index?token=MTMzODE3MzA5MTM= [运行时间：0.140625s][吞吐率：7.11req/s] [内存消耗：1,864.88kb] [文件加载：46]
[ info ] [ LANG ] D:\phpStudy\WWW\linquan2\thinkphp\lang\zh-cn.php
[ info ] [ ROUTE ] array (
  'type' => 'module',
  'module' => 
  array (
    0 => 'user',
    1 => 'usercenter',
    2 => 'index',
  ),
)
[ info ] [ HEADER ] array (
  'user-agent' => 'okhttp/3.2.0',
  'accept-encoding' => 'gzip',
  'connection' => 'close',
  'host' => '115.159.111.127',
  'charset' => 'UTF-8',
)
[ info ] [ PARAM ] array (
  'token' => 'MTMzODE3MzA5MTM=',
)
[ info ] [ CACHE ] INIT File
[ info ] [ BEHAVIOR ] Run Closure @app_begin [ RunTime:0.000000s ]
[ info ] [ BEHAVIOR ] Run wstmart\common\behavior\InitConfig @app_begin [ RunTime:0.000000s ]
[ info ] [ DB ] INIT mysql
[ info ] [ DB ] INIT mysql
[ info ] [ RUN ] wstmart\user\controller\Usercenter->index[ D:\phpStudy\WWW\linquan2\wstmart\user\controller\Usercenter.php ]
[ info ] [ DB ] INIT mysql
[ info ] [ DB ] INIT mysql
[ info ] [ DB ] INIT mysql
[ info ] [ DB ] INIT mysql
[ info ] [ LOG ] INIT File

---------------------------------------------------------------
[ 2017-05-01T19:14:05+08:00 ] 10.105.123.228 223.167.127.22 GET /linquan2/index.php/user/usercenter/index?token=MTMzODE3MzA5MTM=
[ log ] 115.159.111.127/linquan2/index.php/user/usercenter/index?token=MTMzODE3MzA5MTM= [运行时间：0.109375s][吞吐率：9.14req/s] [内存消耗：1,864.86kb] [文件加载：46]
[ info ] [ LANG ] D:\phpStudy\WWW\linquan2\thinkphp\lang\zh-cn.php
[ info ] [ ROUTE ] array (
  'type' => 'module',
  'module' => 
  array (
    0 => 'user',
    1 => 'usercenter',
    2 => 'index',
  ),
)
[ info ] [ HEADER ] array (
  'user-agent' => 'okhttp/3.2.0',
  'accept-encoding' => 'gzip',
  'connection' => 'close',
  'host' => '115.159.111.127',
  'charset' => 'UTF-8',
)
[ info ] [ PARAM ] array (
  'token' => 'MTMzODE3MzA5MTM=',
)
[ info ] [ CACHE ] INIT File
[ info ] [ BEHAVIOR ] Run Closure @app_begin [ RunTime:0.015625s ]
[ info ] [ BEHAVIOR ] Run wstmart\common\behavior\InitConfig @app_begin [ RunTime:0.000000s ]
[ info ] [ DB ] INIT mysql
[ info ] [ DB ] INIT mysql
[ info ] [ RUN ] wstmart\user\controller\Usercenter->index[ D:\phpStudy\WWW\linquan2\wstmart\user\controller\Usercenter.php ]
[ info ] [ DB ] INIT mysql
[ info ] [ DB ] INIT mysql
[ info ] [ DB ] INIT mysql
[ info ] [ DB ] INIT mysql
[ info ] [ LOG ] INIT File

---------------------------------------------------------------
[ 2017-05-01T19:14:06+08:00 ] 10.105.123.228 223.167.127.22 GET /linquan2/index.php/user/Usercenter/order?token=MTMzODE3MzA5MTM=&page=1
[ log ] 115.159.111.127/linquan2/index.php/user/Usercenter/order?token=MTMzODE3MzA5MTM=&page=1 [运行时间：0.234375s][吞吐率：4.27req/s] [内存消耗：2,353.15kb] [文件加载：50]
[ info ] [ LANG ] D:\phpStudy\WWW\linquan2\thinkphp\lang\zh-cn.php
[ info ] [ ROUTE ] array (
  'type' => 'module',
  'module' => 
  array (
    0 => 'user',
    1 => 'Usercenter',
    2 => 'order',
  ),
)
[ info ] [ HEADER ] array (
  'user-agent' => 'okhttp/3.2.0',
  'accept-encoding' => 'gzip',
  'connection' => 'close',
  'host' => '115.159.111.127',
  'charset' => 'UTF-8',
)
[ info ] [ PARAM ] array (
  'token' => 'MTMzODE3MzA5MTM=',
  'page' => '1',
)
[ info ] [ CACHE ] INIT File
[ info ] [ BEHAVIOR ] Run Closure @app_begin [ RunTime:0.000000s ]
[ info ] [ BEHAVIOR ] Run wstmart\common\behavior\InitConfig @app_begin [ RunTime:0.000000s ]
[ info ] [ DB ] INIT mysql
[ info ] [ DB ] INIT mysql
[ info ] [ RUN ] wstmart\user\controller\Usercenter->order[ D:\phpStudy\WWW\linquan2\wstmart\user\controller\Usercenter.php ]
[ info ] [ DB ] INIT mysql
[ info ] [ DB ] INIT mysql
[ info ] [ DB ] INIT mysql
[ info ] [ DB ] INIT mysql
[ info ] [ DB ] INIT mysql
[ info ] [ DB ] INIT mysql
[ info ] [ DB ] INIT mysql
[ info ] [ DB ] INIT mysql
[ info ] [ DB ] INIT mysql
[ info ] [ DB ] INIT mysql
[ info ] [ DB ] INIT mysql
[ info ] [ DB ] INIT mysql
[ info ] [ LOG ] INIT File

---------------------------------------------------------------
[ 2017-05-01T19:14:12+08:00 ] 10.105.123.228 223.167.127.22 GET /linquan2/index.php/user/Usercenter/refund?token=MTMzODE3MzA5MTM=&page=1
[ log ] 115.159.111.127/linquan2/index.php/user/Usercenter/refund?token=MTMzODE3MzA5MTM=&page=1 [运行时间：0.125000s][吞吐率：8.00req/s] [内存消耗：2,155.98kb] [文件加载：50]
[ info ] [ LANG ] D:\phpStudy\WWW\linquan2\thinkphp\lang\zh-cn.php
[ info ] [ ROUTE ] array (
  'type' => 'module',
  'module' => 
  array (
    0 => 'user',
    1 => 'Usercenter',
    2 => 'refund',
  ),
)
[ info ] [ HEADER ] array (
  'user-agent' => 'okhttp/3.2.0',
  'accept-encoding' => 'gzip',
  'connection' => 'close',
  'host' => '115.159.111.127',
  'charset' => 'UTF-8',
)
[ info ] [ PARAM ] array (
  'token' => 'MTMzODE3MzA5MTM=',
  'page' => '1',
)
[ info ] [ CACHE ] INIT File
[ info ] [ BEHAVIOR ] Run Closure @app_begin [ RunTime:0.000000s ]
[ info ] [ BEHAVIOR ] Run wstmart\common\behavior\InitConfig @app_begin [ RunTime:0.000000s ]
[ info ] [ DB ] INIT mysql
[ info ] [ DB ] INIT mysql
[ info ] [ RUN ] wstmart\user\controller\Usercenter->refund[ D:\phpStudy\WWW\linquan2\wstmart\user\controller\Usercenter.php ]
[ info ] [ DB ] INIT mysql
[ info ] [ DB ] INIT mysql
[ info ] [ DB ] INIT mysql
[ info ] [ DB ] INIT mysql
[ info ] [ DB ] INIT mysql
[ info ] [ DB ] INIT mysql
[ info ] [ DB ] INIT mysql
[ info ] [ LOG ] INIT File

---------------------------------------------------------------
[ 2017-05-01T19:14:17+08:00 ] 10.105.123.228 223.167.127.22 GET /linquan2/index.php/user/Usercenter/keep_good?page=0&token=MTMzODE3MzA5MTM=
[ log ] 115.159.111.127/linquan2/index.php/user/Usercenter/keep_good?page=0&token=MTMzODE3MzA5MTM= [运行时间：0.062500s][吞吐率：16.00req/s] [内存消耗：1,895.38kb] [文件加载：50]
[ info ] [ LANG ] D:\phpStudy\WWW\linquan2\thinkphp\lang\zh-cn.php
[ info ] [ ROUTE ] array (
  'type' => 'module',
  'module' => 
  array (
    0 => 'user',
    1 => 'Usercenter',
    2 => 'keep_good',
  ),
)
[ info ] [ HEADER ] array (
  'user-agent' => 'okhttp/3.2.0',
  'accept-encoding' => 'gzip',
  'connection' => 'close',
  'host' => '115.159.111.127',
  'charset' => 'UTF-8',
)
[ info ] [ PARAM ] array (
  'page' => '0',
  'token' => 'MTMzODE3MzA5MTM=',
)
[ info ] [ CACHE ] INIT File
[ info ] [ BEHAVIOR ] Run Closure @app_begin [ RunTime:0.000000s ]
[ info ] [ BEHAVIOR ] Run wstmart\common\behavior\InitConfig @app_begin [ RunTime:0.000000s ]
[ info ] [ DB ] INIT mysql
[ info ] [ DB ] INIT mysql
[ info ] [ RUN ] wstmart\user\controller\Usercenter->keep_good[ D:\phpStudy\WWW\linquan2\wstmart\user\controller\Usercenter.php ]
[ info ] [ DB ] INIT mysql
[ info ] [ LOG ] INIT File

---------------------------------------------------------------
[ 2017-05-01T19:14:23+08:00 ] 10.105.123.228 223.167.127.22 GET /linquan2/index.php/user/Usercenter/keep_shop?page=1&token=MTMzODE3MzA5MTM=
[ log ] 115.159.111.127/linquan2/index.php/user/Usercenter/keep_shop?page=1&token=MTMzODE3MzA5MTM= [运行时间：0.156250s][吞吐率：6.40req/s] [内存消耗：2,223.08kb] [文件加载：50]
[ info ] [ LANG ] D:\phpStudy\WWW\linquan2\thinkphp\lang\zh-cn.php
[ info ] [ ROUTE ] array (
  'type' => 'module',
  'module' => 
  array (
    0 => 'user',
    1 => 'Usercenter',
    2 => 'keep_shop',
  ),
)
[ info ] [ HEADER ] array (
  'user-agent' => 'okhttp/3.2.0',
  'accept-encoding' => 'gzip',
  'connection' => 'close',
  'host' => '115.159.111.127',
  'charset' => 'UTF-8',
)
[ info ] [ PARAM ] array (
  'page' => '1',
  'token' => 'MTMzODE3MzA5MTM=',
)
[ info ] [ CACHE ] INIT File
[ info ] [ BEHAVIOR ] Run Closure @app_begin [ RunTime:0.015625s ]
[ info ] [ BEHAVIOR ] Run wstmart\common\behavior\InitConfig @app_begin [ RunTime:0.000000s ]
[ info ] [ DB ] INIT mysql
[ info ] [ DB ] INIT mysql
[ info ] [ RUN ] wstmart\user\controller\Usercenter->keep_shop[ D:\phpStudy\WWW\linquan2\wstmart\user\controller\Usercenter.php ]
[ info ] [ DB ] INIT mysql
[ info ] [ DB ] INIT mysql
[ info ] [ DB ] INIT mysql
[ info ] [ DB ] INIT mysql
[ info ] [ DB ] INIT mysql
[ info ] [ DB ] INIT mysql
[ info ] [ DB ] INIT mysql
[ info ] [ DB ] INIT mysql
[ info ] [ DB ] INIT mysql
[ info ] [ DB ] INIT mysql
[ info ] [ DB ] INIT mysql
[ info ] [ DB ] INIT mysql
[ info ] [ DB ] INIT mysql
[ info ] [ LOG ] INIT File

---------------------------------------------------------------
[ 2017-05-01T19:14:23+08:00 ] 10.105.123.228 223.167.127.22 GET /linquan2/upload/shops/2016-10/57f8a7f3ef8ea.jpg
[ log ] 115.159.111.127/linquan2/upload/shops/2016-10/57f8a7f3ef8ea.jpg [运行时间：0.015625s][吞吐率：64.00req/s] [内存消耗：1,171.02kb] [文件加载：42]
[ info ] [ LANG ] D:\phpStudy\WWW\linquan2\thinkphp\lang\zh-cn.php
[ info ] [ ROUTE ] array (
  'type' => 'module',
  'module' => 
  array (
    0 => 'upload',
    1 => 'shops',
    2 => '2016-10',
  ),
)
[ info ] [ HEADER ] array (
  'connection' => 'close',
  'host' => '115.159.111.127',
  'accept-encoding' => 'identity',
  'user-agent' => 'Dalvik/2.1.0 (Linux; U; Android 7.0; HUAWEI NXT-DL00 Build/HUAWEINXT-DL00)',
)
[ info ] [ PARAM ] array (
)
[ info ] [ CACHE ] INIT File
[ info ] [ BEHAVIOR ] Run Closure @app_begin [ RunTime:0.000000s ]
[ info ] [ BEHAVIOR ] Run wstmart\common\behavior\InitConfig @app_begin [ RunTime:0.000000s ]
[ info ] [ LOG ] INIT File

---------------------------------------------------------------
[ 2017-05-01T19:14:24+08:00 ] 10.105.123.228 223.167.127.22 GET /linquan2/index.php/user/shop/index?token=MTMzODE3MzA5MTM=&shop_id=3&ordersort=1&orderstatus=1&shopCatId1=&page=1
[ log ] 115.159.111.127/linquan2/index.php/user/shop/index?token=MTMzODE3MzA5MTM=&shop_id=3&ordersort=1&orderstatus=1&shopCatId1=&page=1 [运行时间：0.125000s][吞吐率：8.00req/s] [内存消耗：2,083.34kb] [文件加载：50]
[ info ] [ LANG ] D:\phpStudy\WWW\linquan2\thinkphp\lang\zh-cn.php
[ info ] [ ROUTE ] array (
  'type' => 'module',
  'module' => 
  array (
    0 => 'user',
    1 => 'shop',
    2 => 'index',
  ),
)
[ info ] [ HEADER ] array (
  'user-agent' => 'okhttp/3.2.0',
  'accept-encoding' => 'gzip',
  'connection' => 'close',
  'host' => '115.159.111.127',
  'charset' => 'UTF-8',
)
[ info ] [ PARAM ] array (
  'token' => 'MTMzODE3MzA5MTM=',
  'shop_id' => '3',
  'ordersort' => '1',
  'orderstatus' => '1',
  'shopCatId1' => '',
  'page' => '1',
)
[ info ] [ CACHE ] INIT File
[ info ] [ BEHAVIOR ] Run Closure @app_begin [ RunTime:0.000000s ]
[ info ] [ BEHAVIOR ] Run wstmart\common\behavior\InitConfig @app_begin [ RunTime:0.000000s ]
[ info ] [ DB ] INIT mysql
[ info ] [ DB ] INIT mysql
[ info ] [ RUN ] wstmart\user\controller\Shop->index[ D:\phpStudy\WWW\linquan2\wstmart\user\controller\Shop.php ]
[ info ] [ DB ] INIT mysql
[ info ] [ DB ] INIT mysql
[ info ] [ DB ] INIT mysql
[ info ] [ DB ] INIT mysql
[ info ] [ DB ] INIT mysql
[ info ] [ DB ] INIT mysql
[ info ] [ DB ] INIT mysql
[ info ] [ DB ] INIT mysql
[ info ] [ DB ] INIT mysql
[ info ] [ LOG ] INIT File

---------------------------------------------------------------
[ 2017-05-01T19:14:24+08:00 ] 10.105.123.228 223.167.127.22 GET /linquan2/upload/shops/2016-10/57f8f801ced69.jpg
[ log ] 115.159.111.127/linquan2/upload/shops/2016-10/57f8f801ced69.jpg [运行时间：0.015625s][吞吐率：64.00req/s] [内存消耗：1,171.02kb] [文件加载：42]
[ info ] [ LANG ] D:\phpStudy\WWW\linquan2\thinkphp\lang\zh-cn.php
[ info ] [ ROUTE ] array (
  'type' => 'module',
  'module' => 
  array (
    0 => 'upload',
    1 => 'shops',
    2 => '2016-10',
  ),
)
[ info ] [ HEADER ] array (
  'connection' => 'close',
  'host' => '115.159.111.127',
  'accept-encoding' => 'identity',
  'user-agent' => 'Dalvik/2.1.0 (Linux; U; Android 7.0; HUAWEI NXT-DL00 Build/HUAWEINXT-DL00)',
)
[ info ] [ PARAM ] array (
)
[ info ] [ CACHE ] INIT File
[ info ] [ BEHAVIOR ] Run Closure @app_begin [ RunTime:0.000000s ]
[ info ] [ BEHAVIOR ] Run wstmart\common\behavior\InitConfig @app_begin [ RunTime:0.000000s ]
[ info ] [ LOG ] INIT File

---------------------------------------------------------------
[ 2017-05-01T19:14:25+08:00 ] 10.105.123.228 223.167.127.22 GET /linquan2/upload/shops/2016-10/57fa2a9dba7c2.jpg
[ log ] 115.159.111.127/linquan2/upload/shops/2016-10/57fa2a9dba7c2.jpg [运行时间：0.015625s][吞吐率：64.00req/s] [内存消耗：1,170.95kb] [文件加载：42]
[ info ] [ LANG ] D:\phpStudy\WWW\linquan2\thinkphp\lang\zh-cn.php
[ info ] [ ROUTE ] array (
  'type' => 'module',
  'module' => 
  array (
    0 => 'upload',
    1 => 'shops',
    2 => '2016-10',
  ),
)
[ info ] [ HEADER ] array (
  'connection' => 'close',
  'host' => '115.159.111.127',
  'accept-encoding' => 'identity',
  'user-agent' => 'Dalvik/2.1.0 (Linux; U; Android 7.0; HUAWEI NXT-DL00 Build/HUAWEINXT-DL00)',
)
[ info ] [ PARAM ] array (
)
[ info ] [ CACHE ] INIT File
[ info ] [ BEHAVIOR ] Run Closure @app_begin [ RunTime:0.000000s ]
[ info ] [ BEHAVIOR ] Run wstmart\common\behavior\InitConfig @app_begin [ RunTime:0.000000s ]
[ info ] [ LOG ] INIT File

---------------------------------------------------------------
[ 2017-05-01T19:14:26+08:00 ] 10.105.123.228 223.167.127.22 GET /linquan2/upload/shops/2016-10/57f8f801ced69.jpg
[ log ] 115.159.111.127/linquan2/upload/shops/2016-10/57f8f801ced69.jpg [运行时间：0.015625s][吞吐率：64.00req/s] [内存消耗：1,171.02kb] [文件加载：42]
[ info ] [ LANG ] D:\phpStudy\WWW\linquan2\thinkphp\lang\zh-cn.php
[ info ] [ ROUTE ] array (
  'type' => 'module',
  'module' => 
  array (
    0 => 'upload',
    1 => 'shops',
    2 => '2016-10',
  ),
)
[ info ] [ HEADER ] array (
  'connection' => 'close',
  'host' => '115.159.111.127',
  'accept-encoding' => 'identity',
  'user-agent' => 'Dalvik/2.1.0 (Linux; U; Android 7.0; HUAWEI NXT-DL00 Build/HUAWEINXT-DL00)',
)
[ info ] [ PARAM ] array (
)
[ info ] [ CACHE ] INIT File
[ info ] [ BEHAVIOR ] Run Closure @app_begin [ RunTime:0.000000s ]
[ info ] [ BEHAVIOR ] Run wstmart\common\behavior\InitConfig @app_begin [ RunTime:0.000000s ]
[ info ] [ LOG ] INIT File

---------------------------------------------------------------
[ 2017-05-01T19:14:26+08:00 ] 10.105.123.228 223.167.127.22 GET /linquan2/upload/shops/2016-10/57fa2a9dba7c2.jpg
[ log ] 115.159.111.127/linquan2/upload/shops/2016-10/57fa2a9dba7c2.jpg [运行时间：0.031250s][吞吐率：32.00req/s] [内存消耗：1,171.02kb] [文件加载：42]
[ info ] [ LANG ] D:\phpStudy\WWW\linquan2\thinkphp\lang\zh-cn.php
[ info ] [ ROUTE ] array (
  'type' => 'module',
  'module' => 
  array (
    0 => 'upload',
    1 => 'shops',
    2 => '2016-10',
  ),
)
[ info ] [ HEADER ] array (
  'connection' => 'close',
  'host' => '115.159.111.127',
  'accept-encoding' => 'identity',
  'user-agent' => 'Dalvik/2.1.0 (Linux; U; Android 7.0; HUAWEI NXT-DL00 Build/HUAWEINXT-DL00)',
)
[ info ] [ PARAM ] array (
)
[ info ] [ CACHE ] INIT File
[ info ] [ BEHAVIOR ] Run Closure @app_begin [ RunTime:0.000000s ]
[ info ] [ BEHAVIOR ] Run wstmart\common\behavior\InitConfig @app_begin [ RunTime:0.000000s ]
[ info ] [ LOG ] INIT File

---------------------------------------------------------------
[ 2017-05-01T19:14:27+08:00 ] 10.105.123.228 223.167.127.22 GET /linquan2/upload/shops/2016-10/57f8a7f3ef8ea.jpg
[ log ] 115.159.111.127/linquan2/upload/shops/2016-10/57f8a7f3ef8ea.jpg [运行时间：0.015625s][吞吐率：64.00req/s] [内存消耗：1,171.02kb] [文件加载：42]
[ info ] [ LANG ] D:\phpStudy\WWW\linquan2\thinkphp\lang\zh-cn.php
[ info ] [ ROUTE ] array (
  'type' => 'module',
  'module' => 
  array (
    0 => 'upload',
    1 => 'shops',
    2 => '2016-10',
  ),
)
[ info ] [ HEADER ] array (
  'connection' => 'close',
  'host' => '115.159.111.127',
  'accept-encoding' => 'identity',
  'user-agent' => 'Dalvik/2.1.0 (Linux; U; Android 7.0; HUAWEI NXT-DL00 Build/HUAWEINXT-DL00)',
)
[ info ] [ PARAM ] array (
)
[ info ] [ CACHE ] INIT File
[ info ] [ BEHAVIOR ] Run Closure @app_begin [ RunTime:0.000000s ]
[ info ] [ BEHAVIOR ] Run wstmart\common\behavior\InitConfig @app_begin [ RunTime:0.000000s ]
[ info ] [ LOG ] INIT File

---------------------------------------------------------------
[ 2017-05-01T19:14:27+08:00 ] 10.105.123.228 223.167.127.22 GET /linquan2/index.php/user/shop/index?token=MTMzODE3MzA5MTM=&shop_id=1&ordersort=1&orderstatus=1&shopCatId1=&page=1
[ log ] 115.159.111.127/linquan2/index.php/user/shop/index?token=MTMzODE3MzA5MTM=&shop_id=1&ordersort=1&orderstatus=1&shopCatId1=&page=1 [运行时间：0.125000s][吞吐率：8.00req/s] [内存消耗：2,089.20kb] [文件加载：50]
[ info ] [ LANG ] D:\phpStudy\WWW\linquan2\thinkphp\lang\zh-cn.php
[ info ] [ ROUTE ] array (
  'type' => 'module',
  'module' => 
  array (
    0 => 'user',
    1 => 'shop',
    2 => 'index',
  ),
)
[ info ] [ HEADER ] array (
  'user-agent' => 'okhttp/3.2.0',
  'accept-encoding' => 'gzip',
  'connection' => 'close',
  'host' => '115.159.111.127',
  'charset' => 'UTF-8',
)
[ info ] [ PARAM ] array (
  'token' => 'MTMzODE3MzA5MTM=',
  'shop_id' => '1',
  'ordersort' => '1',
  'orderstatus' => '1',
  'shopCatId1' => '',
  'page' => '1',
)
[ info ] [ CACHE ] INIT File
[ info ] [ BEHAVIOR ] Run Closure @app_begin [ RunTime:0.000000s ]
[ info ] [ BEHAVIOR ] Run wstmart\common\behavior\InitConfig @app_begin [ RunTime:0.000000s ]
[ info ] [ DB ] INIT mysql
[ info ] [ DB ] INIT mysql
[ info ] [ RUN ] wstmart\user\controller\Shop->index[ D:\phpStudy\WWW\linquan2\wstmart\user\controller\Shop.php ]
[ info ] [ DB ] INIT mysql
[ info ] [ DB ] INIT mysql
[ info ] [ DB ] INIT mysql
[ info ] [ DB ] INIT mysql
[ info ] [ DB ] INIT mysql
[ info ] [ DB ] INIT mysql
[ info ] [ DB ] INIT mysql
[ info ] [ DB ] INIT mysql
[ info ] [ DB ] INIT mysql
[ info ] [ LOG ] INIT File

---------------------------------------------------------------
[ 2017-05-01T19:14:28+08:00 ] 10.105.123.228 223.167.127.22 GET /linquan2/upload/shops/2016-10/57f8a7f3ef8ea.jpg
[ log ] 115.159.111.127/linquan2/upload/shops/2016-10/57f8a7f3ef8ea.jpg [运行时间：0.015625s][吞吐率：64.00req/s] [内存消耗：1,171.02kb] [文件加载：42]
[ info ] [ LANG ] D:\phpStudy\WWW\linquan2\thinkphp\lang\zh-cn.php
[ info ] [ ROUTE ] array (
  'type' => 'module',
  'module' => 
  array (
    0 => 'upload',
    1 => 'shops',
    2 => '2016-10',
  ),
)
[ info ] [ HEADER ] array (
  'connection' => 'close',
  'host' => '115.159.111.127',
  'accept-encoding' => 'identity',
  'user-agent' => 'Dalvik/2.1.0 (Linux; U; Android 7.0; HUAWEI NXT-DL00 Build/HUAWEINXT-DL00)',
)
[ info ] [ PARAM ] array (
)
[ info ] [ CACHE ] INIT File
[ info ] [ BEHAVIOR ] Run Closure @app_begin [ RunTime:0.000000s ]
[ info ] [ BEHAVIOR ] Run wstmart\common\behavior\InitConfig @app_begin [ RunTime:0.000000s ]
[ info ] [ LOG ] INIT File

---------------------------------------------------------------
[ 2017-05-01T19:14:28+08:00 ] 10.105.123.228 223.167.127.22 GET /linquan2/upload/shops/2016-10/57f8f801ced69.jpg
[ log ] 115.159.111.127/linquan2/upload/shops/2016-10/57f8f801ced69.jpg [运行时间：0.031250s][吞吐率：32.00req/s] [内存消耗：1,171.02kb] [文件加载：42]
[ info ] [ LANG ] D:\phpStudy\WWW\linquan2\thinkphp\lang\zh-cn.php
[ info ] [ ROUTE ] array (
  'type' => 'module',
  'module' => 
  array (
    0 => 'upload',
    1 => 'shops',
    2 => '2016-10',
  ),
)
[ info ] [ HEADER ] array (
  'connection' => 'close',
  'host' => '115.159.111.127',
  'accept-encoding' => 'identity',
  'user-agent' => 'Dalvik/2.1.0 (Linux; U; Android 7.0; HUAWEI NXT-DL00 Build/HUAWEINXT-DL00)',
)
[ info ] [ PARAM ] array (
)
[ info ] [ CACHE ] INIT File
[ info ] [ BEHAVIOR ] Run Closure @app_begin [ RunTime:0.000000s ]
[ info ] [ BEHAVIOR ] Run wstmart\common\behavior\InitConfig @app_begin [ RunTime:0.000000s ]
[ info ] [ LOG ] INIT File

---------------------------------------------------------------
[ 2017-05-01T19:14:29+08:00 ] 10.105.123.228 223.167.127.22 GET /linquan2/upload/shops/2016-10/57fa2a9dba7c2.jpg
[ log ] 115.159.111.127/linquan2/upload/shops/2016-10/57fa2a9dba7c2.jpg [运行时间：0.015625s][吞吐率：64.00req/s] [内存消耗：1,171.02kb] [文件加载：42]
[ info ] [ LANG ] D:\phpStudy\WWW\linquan2\thinkphp\lang\zh-cn.php
[ info ] [ ROUTE ] array (
  'type' => 'module',
  'module' => 
  array (
    0 => 'upload',
    1 => 'shops',
    2 => '2016-10',
  ),
)
[ info ] [ HEADER ] array (
  'connection' => 'close',
  'host' => '115.159.111.127',
  'accept-encoding' => 'identity',
  'user-agent' => 'Dalvik/2.1.0 (Linux; U; Android 7.0; HUAWEI NXT-DL00 Build/HUAWEINXT-DL00)',
)
[ info ] [ PARAM ] array (
)
[ info ] [ CACHE ] INIT File
[ info ] [ BEHAVIOR ] Run Closure @app_begin [ RunTime:0.000000s ]
[ info ] [ BEHAVIOR ] Run wstmart\common\behavior\InitConfig @app_begin [ RunTime:0.000000s ]
[ info ] [ LOG ] INIT File

---------------------------------------------------------------
