[ 2017-05-07T09:45:01+08:00 ] 10.105.123.228 183.57.53.222 GET /linquan2/index.php/shop/index/sale_list?token%3DMjA%3D%26orderId%3D24%26page%3D1%26type%3D3%26click%3D0%26goodsId%3D66%26time%3D2017-5-4
[ log ] 115.159.111.127/linquan2/index.php/shop/index/sale_list?token%3DMjA%3D%26orderId%3D24%26page%3D1%26type%3D3%26click%3D0%26goodsId%3D66%26time%3D2017-5-4 [运行时间：0.031250s][吞吐率：32.00req/s] [内存消耗：1,273.23kb] [文件加载：45]
[ info ] [ LANG ] D:\phpStudy\WWW\linquan2\thinkphp\lang\zh-cn.php
[ info ] [ ROUTE ] array (
  'type' => 'module',
  'module' => 
  array (
    0 => 'shop',
    1 => 'index',
    2 => 'sale_list',
  ),
)
[ info ] [ HEADER ] array (
  'connection' => 'close',
  'user-agent' => 'Mozilla/5.0 (iPhone; CPU iPhone OS 9_3_4 like Mac OS X) AppleWebKit/601.1.46 (KHTML, like Gecko) Mobile/13G35 QQ/6.5.3.410 V1_IPH_SQ_6.5.3_1_APP_A Pixel/750 Core/UIWebView NetType/2G Mem/117',
  'accept-language' => 'zh-cn',
  'accept' => '*/*',
  'accept-encoding' => 'deflate, gzip',
  'host' => '115.159.111.127',
)
[ info ] [ PARAM ] array (
  'token=MjA=&orderId=24&page=1&type=3&click=0&goodsId=66&time=2017-5-4' => '',
)
[ info ] [ CACHE ] INIT File
[ info ] [ BEHAVIOR ] Run Closure @app_begin [ RunTime:0.000000s ]
[ info ] [ BEHAVIOR ] Run wstmart\common\behavior\InitConfig @app_begin [ RunTime:0.000000s ]
[ info ] [ LOG ] INIT File
[ error ] [8]未定义数组索引: token[D:\phpStudy\WWW\linquan2\wstmart\shop\controller\Index.php:13]

---------------------------------------------------------------
[ 2017-05-07T13:43:07+08:00 ] 10.105.123.228 101.81.255.225 GET /linquan2/index.php/shop/login/send
[ log ] 115.159.111.127/linquan2/index.php/shop/login/send [运行时间：0.031250s][吞吐率：32.00req/s] [内存消耗：1,382.98kb] [文件加载：49]
[ info ] [ LANG ] D:\phpStudy\WWW\linquan2\thinkphp\lang\zh-cn.php
[ info ] [ ROUTE ] array (
  'type' => 'module',
  'module' => 
  array (
    0 => 'shop',
    1 => 'login',
    2 => 'send',
  ),
)
[ info ] [ HEADER ] array (
  'connection' => 'close',
  'accept-encoding' => 'gzip, deflate',
  'host' => '115.159.111.127',
  'accept' => '*/*',
  'user-agent' => 'PostmanRuntime/3.0.1',
  'tel' => '18236923566',
  'postman-token' => '56fc52a9-fa93-4ac1-9215-9256524add4c',
  'cache-control' => 'no-cache',
)
[ info ] [ PARAM ] array (
)
[ info ] [ CACHE ] INIT File
[ info ] [ BEHAVIOR ] Run Closure @app_begin [ RunTime:0.000000s ]
[ info ] [ BEHAVIOR ] Run wstmart\common\behavior\InitConfig @app_begin [ RunTime:0.000000s ]
[ info ] [ RUN ] wstmart\shop\controller\Login->send[ D:\phpStudy\WWW\linquan2\wstmart\shop\controller\Login.php ]
[ info ] [ LOG ] INIT File
[ error ] [8]未定义数组索引: tel[D:\phpStudy\WWW\linquan2\wstmart\shop\controller\Login.php:16]

---------------------------------------------------------------
[ 2017-05-07T13:43:52+08:00 ] 10.105.123.228 101.81.255.225 GET /linquan2/index.php/shop/login/send
[ log ] 115.159.111.127/linquan2/index.php/shop/login/send [运行时间：0.015625s][吞吐率：64.00req/s] [内存消耗：1,382.93kb] [文件加载：49]
[ info ] [ LANG ] D:\phpStudy\WWW\linquan2\thinkphp\lang\zh-cn.php
[ info ] [ ROUTE ] array (
  'type' => 'module',
  'module' => 
  array (
    0 => 'shop',
    1 => 'login',
    2 => 'send',
  ),
)
[ info ] [ HEADER ] array (
  'connection' => 'close',
  'accept-encoding' => 'gzip, deflate',
  'host' => '115.159.111.127',
  'accept' => '*/*',
  'user-agent' => 'PostmanRuntime/3.0.1',
  'tel' => '18236923566',
  'postman-token' => '9f3e1848-2805-4fd6-a8c0-9ed99bc5e75f',
  'cache-control' => 'no-cache',
)
[ info ] [ PARAM ] array (
)
[ info ] [ CACHE ] INIT File
[ info ] [ BEHAVIOR ] Run Closure @app_begin [ RunTime:0.000000s ]
[ info ] [ BEHAVIOR ] Run wstmart\common\behavior\InitConfig @app_begin [ RunTime:0.000000s ]
[ info ] [ RUN ] wstmart\shop\controller\Login->send[ D:\phpStudy\WWW\linquan2\wstmart\shop\controller\Login.php ]
[ info ] [ LOG ] INIT File
[ error ] [8]未定义数组索引: tel[D:\phpStudy\WWW\linquan2\wstmart\shop\controller\Login.php:16]

---------------------------------------------------------------
[ 2017-05-07T14:46:02+08:00 ] 10.105.123.228 223.167.127.22 GET /linquan2/index.php/user/usercenter/index?token=MTMzODE3MzA5MTM=
[ log ] 115.159.111.127/linquan2/index.php/user/usercenter/index?token=MTMzODE3MzA5MTM= [运行时间：0.046875s][吞吐率：21.33req/s] [内存消耗：1,813.96kb] [文件加载：44]
[ info ] [ LANG ] D:\phpStudy\WWW\linquan2\thinkphp\lang\zh-cn.php
[ info ] [ ROUTE ] array (
  'type' => 'module',
  'module' => 
  array (
    0 => 'user',
    1 => 'usercenter',
    2 => 'index',
  ),
)
[ info ] [ HEADER ] array (
  'user-agent' => 'okhttp/3.5.0',
  'accept-encoding' => 'gzip',
  'connection' => 'close',
  'host' => '115.159.111.127',
  'charset' => 'UTF-8',
)
[ info ] [ PARAM ] array (
  'token' => 'MTMzODE3MzA5MTM=',
)
[ info ] [ CACHE ] INIT File
[ info ] [ BEHAVIOR ] Run Closure @app_begin [ RunTime:0.015625s ]
[ info ] [ BEHAVIOR ] Run wstmart\common\behavior\InitConfig @app_begin [ RunTime:0.000000s ]
[ info ] [ DB ] INIT mysql
[ info ] [ DB ] INIT mysql
[ info ] [ RUN ] wstmart\user\controller\Usercenter->index[ D:\phpStudy\WWW\linquan2\wstmart\user\controller\Usercenter.php ]
[ info ] [ DB ] INIT mysql
[ info ] [ DB ] INIT mysql
[ info ] [ DB ] INIT mysql
[ info ] [ DB ] INIT mysql
[ info ] [ LOG ] INIT File

---------------------------------------------------------------
[ 2017-05-07T14:46:05+08:00 ] 10.105.123.228 223.167.127.22 GET /linquan2/index.php/user/Usercenter/keep_good?page=0&token=MTMzODE3MzA5MTM=
[ log ] 115.159.111.127/linquan2/index.php/user/Usercenter/keep_good?page=0&token=MTMzODE3MzA5MTM= [运行时间：0.031250s][吞吐率：32.00req/s] [内存消耗：1,847.13kb] [文件加载：48]
[ info ] [ LANG ] D:\phpStudy\WWW\linquan2\thinkphp\lang\zh-cn.php
[ info ] [ ROUTE ] array (
  'type' => 'module',
  'module' => 
  array (
    0 => 'user',
    1 => 'Usercenter',
    2 => 'keep_good',
  ),
)
[ info ] [ HEADER ] array (
  'user-agent' => 'okhttp/3.5.0',
  'accept-encoding' => 'gzip',
  'connection' => 'close',
  'host' => '115.159.111.127',
  'charset' => 'UTF-8',
)
[ info ] [ PARAM ] array (
  'page' => '0',
  'token' => 'MTMzODE3MzA5MTM=',
)
[ info ] [ CACHE ] INIT File
[ info ] [ BEHAVIOR ] Run Closure @app_begin [ RunTime:0.000000s ]
[ info ] [ BEHAVIOR ] Run wstmart\common\behavior\InitConfig @app_begin [ RunTime:0.000000s ]
[ info ] [ DB ] INIT mysql
[ info ] [ DB ] INIT mysql
[ info ] [ RUN ] wstmart\user\controller\Usercenter->keep_good[ D:\phpStudy\WWW\linquan2\wstmart\user\controller\Usercenter.php ]
[ info ] [ DB ] INIT mysql
[ info ] [ LOG ] INIT File

---------------------------------------------------------------
[ 2017-05-07T14:46:06+08:00 ] 10.105.123.228 223.167.127.22 GET /linquan2/index.php/user/shop/good?token=MTMzODE3MzA5MTM=&good_id=1
[ log ] 115.159.111.127/linquan2/index.php/user/shop/good?token=MTMzODE3MzA5MTM=&good_id=1 [运行时间：0.046875s][吞吐率：21.33req/s] [内存消耗：1,853.22kb] [文件加载：44]
[ info ] [ LANG ] D:\phpStudy\WWW\linquan2\thinkphp\lang\zh-cn.php
[ info ] [ ROUTE ] array (
  'type' => 'module',
  'module' => 
  array (
    0 => 'user',
    1 => 'shop',
    2 => 'good',
  ),
)
[ info ] [ HEADER ] array (
  'user-agent' => 'okhttp/3.5.0',
  'accept-encoding' => 'gzip',
  'connection' => 'close',
  'host' => '115.159.111.127',
  'charset' => 'UTF-8',
)
[ info ] [ PARAM ] array (
  'token' => 'MTMzODE3MzA5MTM=',
  'good_id' => '1',
)
[ info ] [ CACHE ] INIT File
[ info ] [ BEHAVIOR ] Run Closure @app_begin [ RunTime:0.000000s ]
[ info ] [ BEHAVIOR ] Run wstmart\common\behavior\InitConfig @app_begin [ RunTime:0.000000s ]
[ info ] [ DB ] INIT mysql
[ info ] [ DB ] INIT mysql
[ info ] [ RUN ] wstmart\user\controller\Shop->good[ D:\phpStudy\WWW\linquan2\wstmart\user\controller\Shop.php ]
[ info ] [ DB ] INIT mysql
[ info ] [ DB ] INIT mysql
[ info ] [ DB ] INIT mysql
[ info ] [ DB ] INIT mysql
[ info ] [ LOG ] INIT File

---------------------------------------------------------------
[ 2017-05-07T14:46:17+08:00 ] 10.105.123.228 223.167.127.22 GET /linquan2/index.php/user/shop/cart?token=MTMzODE3MzA5MTM=&good_id=1
[ log ] 115.159.111.127/linquan2/index.php/user/shop/cart?token=MTMzODE3MzA5MTM=&good_id=1 [运行时间：0.046875s][吞吐率：21.33req/s] [内存消耗：1,928.08kb] [文件加载：44]
[ info ] [ LANG ] D:\phpStudy\WWW\linquan2\thinkphp\lang\zh-cn.php
[ info ] [ ROUTE ] array (
  'type' => 'module',
  'module' => 
  array (
    0 => 'user',
    1 => 'shop',
    2 => 'cart',
  ),
)
[ info ] [ HEADER ] array (
  'user-agent' => 'okhttp/3.5.0',
  'accept-encoding' => 'gzip',
  'connection' => 'close',
  'host' => '115.159.111.127',
  'charset' => 'UTF-8',
)
[ info ] [ PARAM ] array (
  'token' => 'MTMzODE3MzA5MTM=',
  'good_id' => '1',
)
[ info ] [ CACHE ] INIT File
[ info ] [ BEHAVIOR ] Run Closure @app_begin [ RunTime:0.000000s ]
[ info ] [ BEHAVIOR ] Run wstmart\common\behavior\InitConfig @app_begin [ RunTime:0.000000s ]
[ info ] [ DB ] INIT mysql
[ info ] [ DB ] INIT mysql
[ info ] [ RUN ] wstmart\user\controller\Shop->cart[ D:\phpStudy\WWW\linquan2\wstmart\user\controller\Shop.php ]
[ info ] [ DB ] INIT mysql
[ info ] [ DB ] INIT mysql
[ info ] [ DB ] INIT mysql
[ info ] [ DB ] INIT mysql
[ info ] [ DB ] INIT mysql
[ info ] [ DB ] INIT mysql
[ info ] [ DB ] INIT mysql
[ info ] [ DB ] INIT mysql
[ info ] [ DB ] INIT mysql
[ info ] [ DB ] INIT mysql
[ info ] [ LOG ] INIT File

---------------------------------------------------------------
[ 2017-05-07T14:46:28+08:00 ] 10.105.123.228 223.167.127.22 GET /linquan2/index.php/user/shop/good?token=MTMzODE3MzA5MTM=&good_id=4
[ log ] 115.159.111.127/linquan2/index.php/user/shop/good?token=MTMzODE3MzA5MTM=&good_id=4 [运行时间：0.046875s][吞吐率：21.33req/s] [内存消耗：1,836.46kb] [文件加载：44]
[ info ] [ LANG ] D:\phpStudy\WWW\linquan2\thinkphp\lang\zh-cn.php
[ info ] [ ROUTE ] array (
  'type' => 'module',
  'module' => 
  array (
    0 => 'user',
    1 => 'shop',
    2 => 'good',
  ),
)
[ info ] [ HEADER ] array (
  'user-agent' => 'okhttp/3.5.0',
  'accept-encoding' => 'gzip',
  'connection' => 'close',
  'host' => '115.159.111.127',
  'charset' => 'UTF-8',
)
[ info ] [ PARAM ] array (
  'token' => 'MTMzODE3MzA5MTM=',
  'good_id' => '4',
)
[ info ] [ CACHE ] INIT File
[ info ] [ BEHAVIOR ] Run Closure @app_begin [ RunTime:0.000000s ]
[ info ] [ BEHAVIOR ] Run wstmart\common\behavior\InitConfig @app_begin [ RunTime:0.000000s ]
[ info ] [ DB ] INIT mysql
[ info ] [ DB ] INIT mysql
[ info ] [ RUN ] wstmart\user\controller\Shop->good[ D:\phpStudy\WWW\linquan2\wstmart\user\controller\Shop.php ]
[ info ] [ DB ] INIT mysql
[ info ] [ DB ] INIT mysql
[ info ] [ DB ] INIT mysql
[ info ] [ DB ] INIT mysql
[ info ] [ LOG ] INIT File

---------------------------------------------------------------
[ 2017-05-07T14:46:28+08:00 ] 10.105.123.228 223.167.127.22 GET /linquan2/upload/goods/2016-10/57f8b4aa4e1b8.jpg
[ log ] 115.159.111.127/linquan2/upload/goods/2016-10/57f8b4aa4e1b8.jpg [运行时间：0.015625s][吞吐率：64.00req/s] [内存消耗：1,102.52kb] [文件加载：40]
[ info ] [ LANG ] D:\phpStudy\WWW\linquan2\thinkphp\lang\zh-cn.php
[ info ] [ ROUTE ] array (
  'type' => 'module',
  'module' => 
  array (
    0 => 'upload',
    1 => 'goods',
    2 => '2016-10',
  ),
)
[ info ] [ HEADER ] array (
  'connection' => 'close',
  'host' => '115.159.111.127',
  'accept-encoding' => 'identity',
  'user-agent' => 'Dalvik/2.1.0 (Linux; U; Android 7.0; HUAWEI NXT-DL00 Build/HUAWEINXT-DL00)',
)
[ info ] [ PARAM ] array (
)
[ info ] [ CACHE ] INIT File
[ info ] [ BEHAVIOR ] Run Closure @app_begin [ RunTime:0.015625s ]
[ info ] [ BEHAVIOR ] Run wstmart\common\behavior\InitConfig @app_begin [ RunTime:0.000000s ]
[ info ] [ LOG ] INIT File

---------------------------------------------------------------
[ 2017-05-07T14:46:29+08:00 ] 10.105.123.228 223.167.127.22 GET /linquan2/upload/image/20161008/20161008105440_50025.jpg
[ log ] 115.159.111.127/linquan2/upload/image/20161008/20161008105440_50025.jpg [运行时间：0.015625s][吞吐率：64.00req/s] [内存消耗：1,102.42kb] [文件加载：40]
[ info ] [ LANG ] D:\phpStudy\WWW\linquan2\thinkphp\lang\zh-cn.php
[ info ] [ ROUTE ] array (
  'type' => 'module',
  'module' => 
  array (
    0 => 'upload',
    1 => 'image',
    2 => '20161008',
  ),
)
[ info ] [ HEADER ] array (
  'user-agent' => 'okhttp/3.5.0',
  'accept-encoding' => 'gzip',
  'connection' => 'close',
  'host' => '115.159.111.127',
)
[ info ] [ PARAM ] array (
)
[ info ] [ CACHE ] INIT File
[ info ] [ BEHAVIOR ] Run Closure @app_begin [ RunTime:0.000000s ]
[ info ] [ BEHAVIOR ] Run wstmart\common\behavior\InitConfig @app_begin [ RunTime:0.000000s ]
[ info ] [ LOG ] INIT File

---------------------------------------------------------------
[ 2017-05-07T14:46:29+08:00 ] 10.105.123.228 223.167.127.22 GET /linquan2/upload/image/20161008/20161008105500_82960.jpg
[ log ] 115.159.111.127/linquan2/upload/image/20161008/20161008105500_82960.jpg [运行时间：0.031250s][吞吐率：32.00req/s] [内存消耗：1,102.44kb] [文件加载：40]
[ info ] [ LANG ] D:\phpStudy\WWW\linquan2\thinkphp\lang\zh-cn.php
[ info ] [ ROUTE ] array (
  'type' => 'module',
  'module' => 
  array (
    0 => 'upload',
    1 => 'image',
    2 => '20161008',
  ),
)
[ info ] [ HEADER ] array (
  'user-agent' => 'okhttp/3.5.0',
  'accept-encoding' => 'gzip',
  'connection' => 'close',
  'host' => '115.159.111.127',
)
[ info ] [ PARAM ] array (
)
[ info ] [ CACHE ] INIT File
[ info ] [ BEHAVIOR ] Run Closure @app_begin [ RunTime:0.015625s ]
[ info ] [ BEHAVIOR ] Run wstmart\common\behavior\InitConfig @app_begin [ RunTime:0.000000s ]
[ info ] [ LOG ] INIT File

---------------------------------------------------------------
[ 2017-05-07T14:46:29+08:00 ] 10.105.123.228 223.167.127.22 GET /linquan2/upload/image/20161008/20161008105509_25943.jpg
[ log ] 115.159.111.127/linquan2/upload/image/20161008/20161008105509_25943.jpg [运行时间：0.015625s][吞吐率：64.00req/s] [内存消耗：1,102.42kb] [文件加载：40]
[ info ] [ LANG ] D:\phpStudy\WWW\linquan2\thinkphp\lang\zh-cn.php
[ info ] [ ROUTE ] array (
  'type' => 'module',
  'module' => 
  array (
    0 => 'upload',
    1 => 'image',
    2 => '20161008',
  ),
)
[ info ] [ HEADER ] array (
  'user-agent' => 'okhttp/3.5.0',
  'accept-encoding' => 'gzip',
  'connection' => 'close',
  'host' => '115.159.111.127',
)
[ info ] [ PARAM ] array (
)
[ info ] [ CACHE ] INIT File
[ info ] [ BEHAVIOR ] Run Closure @app_begin [ RunTime:0.000000s ]
[ info ] [ BEHAVIOR ] Run wstmart\common\behavior\InitConfig @app_begin [ RunTime:0.000000s ]
[ info ] [ LOG ] INIT File

---------------------------------------------------------------
[ 2017-05-07T14:46:29+08:00 ] 10.105.123.228 223.167.127.22 GET /linquan2/upload/image/20161008/20161008105450_35051.jpg
[ log ] 115.159.111.127/linquan2/upload/image/20161008/20161008105450_35051.jpg [运行时间：0.046875s][吞吐率：21.33req/s] [内存消耗：1,102.44kb] [文件加载：40]
[ info ] [ LANG ] D:\phpStudy\WWW\linquan2\thinkphp\lang\zh-cn.php
[ info ] [ ROUTE ] array (
  'type' => 'module',
  'module' => 
  array (
    0 => 'upload',
    1 => 'image',
    2 => '20161008',
  ),
)
[ info ] [ HEADER ] array (
  'user-agent' => 'okhttp/3.5.0',
  'accept-encoding' => 'gzip',
  'connection' => 'close',
  'host' => '115.159.111.127',
)
[ info ] [ PARAM ] array (
)
[ info ] [ CACHE ] INIT File
[ info ] [ BEHAVIOR ] Run Closure @app_begin [ RunTime:0.000000s ]
[ info ] [ BEHAVIOR ] Run wstmart\common\behavior\InitConfig @app_begin [ RunTime:0.000000s ]
[ info ] [ LOG ] INIT File

---------------------------------------------------------------
[ 2017-05-07T14:46:29+08:00 ] 10.105.123.228 223.167.127.22 GET /linquan2/upload/image/20161008/20161008105551_72704.jpg
[ log ] 115.159.111.127/linquan2/upload/image/20161008/20161008105551_72704.jpg [运行时间：0.015625s][吞吐率：64.00req/s] [内存消耗：1,102.42kb] [文件加载：40]
[ info ] [ LANG ] D:\phpStudy\WWW\linquan2\thinkphp\lang\zh-cn.php
[ info ] [ ROUTE ] array (
  'type' => 'module',
  'module' => 
  array (
    0 => 'upload',
    1 => 'image',
    2 => '20161008',
  ),
)
[ info ] [ HEADER ] array (
  'user-agent' => 'okhttp/3.5.0',
  'accept-encoding' => 'gzip',
  'connection' => 'close',
  'host' => '115.159.111.127',
)
[ info ] [ PARAM ] array (
)
[ info ] [ CACHE ] INIT File
[ info ] [ BEHAVIOR ] Run Closure @app_begin [ RunTime:0.000000s ]
[ info ] [ BEHAVIOR ] Run wstmart\common\behavior\InitConfig @app_begin [ RunTime:0.000000s ]
[ info ] [ LOG ] INIT File

---------------------------------------------------------------
[ 2017-05-07T14:46:29+08:00 ] 10.105.123.228 223.167.127.22 GET /linquan2/upload/image/20161008/20161008105540_15718.jpg
[ log ] 115.159.111.127/linquan2/upload/image/20161008/20161008105540_15718.jpg [运行时间：0.031250s][吞吐率：32.00req/s] [内存消耗：1,102.42kb] [文件加载：40]
[ info ] [ LANG ] D:\phpStudy\WWW\linquan2\thinkphp\lang\zh-cn.php
[ info ] [ ROUTE ] array (
  'type' => 'module',
  'module' => 
  array (
    0 => 'upload',
    1 => 'image',
    2 => '20161008',
  ),
)
[ info ] [ HEADER ] array (
  'user-agent' => 'okhttp/3.5.0',
  'accept-encoding' => 'gzip',
  'connection' => 'close',
  'host' => '115.159.111.127',
)
[ info ] [ PARAM ] array (
)
[ info ] [ CACHE ] INIT File
[ info ] [ BEHAVIOR ] Run Closure @app_begin [ RunTime:0.000000s ]
[ info ] [ BEHAVIOR ] Run wstmart\common\behavior\InitConfig @app_begin [ RunTime:0.000000s ]
[ info ] [ LOG ] INIT File

---------------------------------------------------------------
[ 2017-05-07T14:46:29+08:00 ] 10.105.123.228 223.167.127.22 GET /linquan2/upload/image/20161008/20161008105559_41506.jpg
[ log ] 115.159.111.127/linquan2/upload/image/20161008/20161008105559_41506.jpg [运行时间：0.015625s][吞吐率：64.00req/s] [内存消耗：1,102.42kb] [文件加载：40]
[ info ] [ LANG ] D:\phpStudy\WWW\linquan2\thinkphp\lang\zh-cn.php
[ info ] [ ROUTE ] array (
  'type' => 'module',
  'module' => 
  array (
    0 => 'upload',
    1 => 'image',
    2 => '20161008',
  ),
)
[ info ] [ HEADER ] array (
  'user-agent' => 'okhttp/3.5.0',
  'accept-encoding' => 'gzip',
  'connection' => 'close',
  'host' => '115.159.111.127',
)
[ info ] [ PARAM ] array (
)
[ info ] [ CACHE ] INIT File
[ info ] [ BEHAVIOR ] Run Closure @app_begin [ RunTime:0.015625s ]
[ info ] [ BEHAVIOR ] Run wstmart\common\behavior\InitConfig @app_begin [ RunTime:0.000000s ]
[ info ] [ LOG ] INIT File

---------------------------------------------------------------
[ 2017-05-07T14:46:29+08:00 ] 10.105.123.228 223.167.127.22 GET /linquan2/upload/image/20161008/20161008105523_60635.jpg
[ log ] 115.159.111.127/linquan2/upload/image/20161008/20161008105523_60635.jpg [运行时间：0.015625s][吞吐率：64.00req/s] [内存消耗：1,102.44kb] [文件加载：40]
[ info ] [ LANG ] D:\phpStudy\WWW\linquan2\thinkphp\lang\zh-cn.php
[ info ] [ ROUTE ] array (
  'type' => 'module',
  'module' => 
  array (
    0 => 'upload',
    1 => 'image',
    2 => '20161008',
  ),
)
[ info ] [ HEADER ] array (
  'user-agent' => 'okhttp/3.5.0',
  'accept-encoding' => 'gzip',
  'connection' => 'close',
  'host' => '115.159.111.127',
)
[ info ] [ PARAM ] array (
)
[ info ] [ CACHE ] INIT File
[ info ] [ BEHAVIOR ] Run Closure @app_begin [ RunTime:0.015625s ]
[ info ] [ BEHAVIOR ] Run wstmart\common\behavior\InitConfig @app_begin [ RunTime:0.000000s ]
[ info ] [ LOG ] INIT File

---------------------------------------------------------------
[ 2017-05-07T14:46:29+08:00 ] 10.105.123.228 223.167.127.22 GET /linquan2/upload/image/20161008/20161008105531_22604.jpg
[ log ] 115.159.111.127/linquan2/upload/image/20161008/20161008105531_22604.jpg [运行时间：0.015625s][吞吐率：64.00req/s] [内存消耗：1,102.44kb] [文件加载：40]
[ info ] [ LANG ] D:\phpStudy\WWW\linquan2\thinkphp\lang\zh-cn.php
[ info ] [ ROUTE ] array (
  'type' => 'module',
  'module' => 
  array (
    0 => 'upload',
    1 => 'image',
    2 => '20161008',
  ),
)
[ info ] [ HEADER ] array (
  'user-agent' => 'okhttp/3.5.0',
  'accept-encoding' => 'gzip',
  'connection' => 'close',
  'host' => '115.159.111.127',
)
[ info ] [ PARAM ] array (
)
[ info ] [ CACHE ] INIT File
[ info ] [ BEHAVIOR ] Run Closure @app_begin [ RunTime:0.000000s ]
[ info ] [ BEHAVIOR ] Run wstmart\common\behavior\InitConfig @app_begin [ RunTime:0.000000s ]
[ info ] [ LOG ] INIT File

---------------------------------------------------------------
[ 2017-05-07T14:46:30+08:00 ] 10.105.123.228 223.167.127.22 GET /linquan2/index.php/user/shop/cart?token=MTMzODE3MzA5MTM=&good_id=4
[ log ] 115.159.111.127/linquan2/index.php/user/shop/cart?token=MTMzODE3MzA5MTM=&good_id=4 [运行时间：0.046875s][吞吐率：21.33req/s] [内存消耗：1,792.95kb] [文件加载：44]
[ info ] [ LANG ] D:\phpStudy\WWW\linquan2\thinkphp\lang\zh-cn.php
[ info ] [ ROUTE ] array (
  'type' => 'module',
  'module' => 
  array (
    0 => 'user',
    1 => 'shop',
    2 => 'cart',
  ),
)
[ info ] [ HEADER ] array (
  'user-agent' => 'okhttp/3.5.0',
  'accept-encoding' => 'gzip',
  'connection' => 'close',
  'host' => '115.159.111.127',
  'charset' => 'UTF-8',
)
[ info ] [ PARAM ] array (
  'token' => 'MTMzODE3MzA5MTM=',
  'good_id' => '4',
)
[ info ] [ CACHE ] INIT File
[ info ] [ BEHAVIOR ] Run Closure @app_begin [ RunTime:0.000000s ]
[ info ] [ BEHAVIOR ] Run wstmart\common\behavior\InitConfig @app_begin [ RunTime:0.000000s ]
[ info ] [ DB ] INIT mysql
[ info ] [ DB ] INIT mysql
[ info ] [ RUN ] wstmart\user\controller\Shop->cart[ D:\phpStudy\WWW\linquan2\wstmart\user\controller\Shop.php ]
[ info ] [ DB ] INIT mysql
[ info ] [ DB ] INIT mysql
[ info ] [ DB ] INIT mysql
[ info ] [ DB ] INIT mysql
[ info ] [ LOG ] INIT File

---------------------------------------------------------------
[ 2017-05-07T14:46:30+08:00 ] 10.105.123.228 223.167.127.22 GET /linquan2/index.php/user/shop/cart?token=MTMzODE3MzA5MTM=&good_id=4
[ log ] 115.159.111.127/linquan2/index.php/user/shop/cart?token=MTMzODE3MzA5MTM=&good_id=4 [运行时间：0.031250s][吞吐率：32.00req/s] [内存消耗：1,792.95kb] [文件加载：44]
[ info ] [ LANG ] D:\phpStudy\WWW\linquan2\thinkphp\lang\zh-cn.php
[ info ] [ ROUTE ] array (
  'type' => 'module',
  'module' => 
  array (
    0 => 'user',
    1 => 'shop',
    2 => 'cart',
  ),
)
[ info ] [ HEADER ] array (
  'user-agent' => 'okhttp/3.5.0',
  'accept-encoding' => 'gzip',
  'connection' => 'close',
  'host' => '115.159.111.127',
  'charset' => 'UTF-8',
)
[ info ] [ PARAM ] array (
  'token' => 'MTMzODE3MzA5MTM=',
  'good_id' => '4',
)
[ info ] [ CACHE ] INIT File
[ info ] [ BEHAVIOR ] Run Closure @app_begin [ RunTime:0.000000s ]
[ info ] [ BEHAVIOR ] Run wstmart\common\behavior\InitConfig @app_begin [ RunTime:0.015625s ]
[ info ] [ DB ] INIT mysql
[ info ] [ DB ] INIT mysql
[ info ] [ RUN ] wstmart\user\controller\Shop->cart[ D:\phpStudy\WWW\linquan2\wstmart\user\controller\Shop.php ]
[ info ] [ DB ] INIT mysql
[ info ] [ DB ] INIT mysql
[ info ] [ DB ] INIT mysql
[ info ] [ DB ] INIT mysql
[ info ] [ LOG ] INIT File

---------------------------------------------------------------
[ 2017-05-07T14:46:34+08:00 ] 10.105.123.228 223.167.127.22 GET /linquan2/index.php/user/shop/cart?token=MTMzODE3MzA5MTM=&good_id=4
[ log ] 115.159.111.127/linquan2/index.php/user/shop/cart?token=MTMzODE3MzA5MTM=&good_id=4 [运行时间：0.031250s][吞吐率：32.00req/s] [内存消耗：1,792.95kb] [文件加载：44]
[ info ] [ LANG ] D:\phpStudy\WWW\linquan2\thinkphp\lang\zh-cn.php
[ info ] [ ROUTE ] array (
  'type' => 'module',
  'module' => 
  array (
    0 => 'user',
    1 => 'shop',
    2 => 'cart',
  ),
)
[ info ] [ HEADER ] array (
  'user-agent' => 'okhttp/3.5.0',
  'accept-encoding' => 'gzip',
  'connection' => 'close',
  'host' => '115.159.111.127',
  'charset' => 'UTF-8',
)
[ info ] [ PARAM ] array (
  'token' => 'MTMzODE3MzA5MTM=',
  'good_id' => '4',
)
[ info ] [ CACHE ] INIT File
[ info ] [ BEHAVIOR ] Run Closure @app_begin [ RunTime:0.000000s ]
[ info ] [ BEHAVIOR ] Run wstmart\common\behavior\InitConfig @app_begin [ RunTime:0.000000s ]
[ info ] [ DB ] INIT mysql
[ info ] [ DB ] INIT mysql
[ info ] [ RUN ] wstmart\user\controller\Shop->cart[ D:\phpStudy\WWW\linquan2\wstmart\user\controller\Shop.php ]
[ info ] [ DB ] INIT mysql
[ info ] [ DB ] INIT mysql
[ info ] [ DB ] INIT mysql
[ info ] [ DB ] INIT mysql
[ info ] [ LOG ] INIT File

---------------------------------------------------------------
[ 2017-05-07T14:46:37+08:00 ] 10.105.123.228 223.167.127.22 GET /linquan2/index.php/user/Usercenter/order?token=MTMzODE3MzA5MTM=&page=1
[ log ] 115.159.111.127/linquan2/index.php/user/Usercenter/order?token=MTMzODE3MzA5MTM=&page=1 [运行时间：0.062500s][吞吐率：16.00req/s] [内存消耗：2,297.91kb] [文件加载：48]
[ info ] [ LANG ] D:\phpStudy\WWW\linquan2\thinkphp\lang\zh-cn.php
[ info ] [ ROUTE ] array (
  'type' => 'module',
  'module' => 
  array (
    0 => 'user',
    1 => 'Usercenter',
    2 => 'order',
  ),
)
[ info ] [ HEADER ] array (
  'user-agent' => 'okhttp/3.5.0',
  'accept-encoding' => 'gzip',
  'connection' => 'close',
  'host' => '115.159.111.127',
  'charset' => 'UTF-8',
)
[ info ] [ PARAM ] array (
  'token' => 'MTMzODE3MzA5MTM=',
  'page' => '1',
)
[ info ] [ CACHE ] INIT File
[ info ] [ BEHAVIOR ] Run Closure @app_begin [ RunTime:0.000000s ]
[ info ] [ BEHAVIOR ] Run wstmart\common\behavior\InitConfig @app_begin [ RunTime:0.000000s ]
[ info ] [ DB ] INIT mysql
[ info ] [ DB ] INIT mysql
[ info ] [ RUN ] wstmart\user\controller\Usercenter->order[ D:\phpStudy\WWW\linquan2\wstmart\user\controller\Usercenter.php ]
[ info ] [ DB ] INIT mysql
[ info ] [ DB ] INIT mysql
[ info ] [ DB ] INIT mysql
[ info ] [ DB ] INIT mysql
[ info ] [ DB ] INIT mysql
[ info ] [ DB ] INIT mysql
[ info ] [ DB ] INIT mysql
[ info ] [ DB ] INIT mysql
[ info ] [ DB ] INIT mysql
[ info ] [ DB ] INIT mysql
[ info ] [ DB ] INIT mysql
[ info ] [ DB ] INIT mysql
[ info ] [ LOG ] INIT File

---------------------------------------------------------------
[ 2017-05-07T14:46:38+08:00 ] 10.105.123.228 223.167.127.22 GET /linquan2/index.php/user/usercenter/order_detail?token=MTMzODE3MzA5MTM=&orderId=9
[ log ] 115.159.111.127/linquan2/index.php/user/usercenter/order_detail?token=MTMzODE3MzA5MTM=&orderId=9 [运行时间：0.046875s][吞吐率：21.33req/s] [内存消耗：1,822.65kb] [文件加载：44]
[ info ] [ LANG ] D:\phpStudy\WWW\linquan2\thinkphp\lang\zh-cn.php
[ info ] [ ROUTE ] array (
  'type' => 'module',
  'module' => 
  array (
    0 => 'user',
    1 => 'usercenter',
    2 => 'order_detail',
  ),
)
[ info ] [ HEADER ] array (
  'user-agent' => 'okhttp/3.5.0',
  'accept-encoding' => 'gzip',
  'connection' => 'close',
  'host' => '115.159.111.127',
  'charset' => 'UTF-8',
)
[ info ] [ PARAM ] array (
  'token' => 'MTMzODE3MzA5MTM=',
  'orderId' => '9',
)
[ info ] [ CACHE ] INIT File
[ info ] [ BEHAVIOR ] Run Closure @app_begin [ RunTime:0.000000s ]
[ info ] [ BEHAVIOR ] Run wstmart\common\behavior\InitConfig @app_begin [ RunTime:0.000000s ]
[ info ] [ DB ] INIT mysql
[ info ] [ DB ] INIT mysql
[ info ] [ RUN ] wstmart\user\controller\Usercenter->order_detail[ D:\phpStudy\WWW\linquan2\wstmart\user\controller\Usercenter.php ]
[ info ] [ DB ] INIT mysql
[ info ] [ DB ] INIT mysql
[ info ] [ DB ] INIT mysql
[ info ] [ LOG ] INIT File

---------------------------------------------------------------
[ 2017-05-07T14:46:44+08:00 ] 10.105.123.228 223.167.127.22 GET /linquan2/index.php/user/usercenter/exp_detail?token=MTMzODE3MzA5MTM=&orderId=9
[ log ] 115.159.111.127/linquan2/index.php/user/usercenter/exp_detail?token=MTMzODE3MzA5MTM=&orderId=9 [运行时间：0.031250s][吞吐率：32.00req/s] [内存消耗：1,855.53kb] [文件加载：51]
[ info ] [ LANG ] D:\phpStudy\WWW\linquan2\thinkphp\lang\zh-cn.php
[ info ] [ ROUTE ] array (
  'type' => 'module',
  'module' => 
  array (
    0 => 'user',
    1 => 'usercenter',
    2 => 'exp_detail',
  ),
)
[ info ] [ HEADER ] array (
  'user-agent' => 'okhttp/3.5.0',
  'accept-encoding' => 'gzip',
  'connection' => 'close',
  'host' => '115.159.111.127',
  'charset' => 'UTF-8',
)
[ info ] [ PARAM ] array (
  'token' => 'MTMzODE3MzA5MTM=',
  'orderId' => '9',
)
[ info ] [ CACHE ] INIT File
[ info ] [ BEHAVIOR ] Run Closure @app_begin [ RunTime:0.015625s ]
[ info ] [ BEHAVIOR ] Run wstmart\common\behavior\InitConfig @app_begin [ RunTime:0.000000s ]
[ info ] [ DB ] INIT mysql
[ info ] [ DB ] INIT mysql
[ info ] [ RUN ] wstmart\user\controller\Usercenter->exp_detail[ D:\phpStudy\WWW\linquan2\wstmart\user\controller\Usercenter.php ]
[ info ] [ DB ] INIT mysql
[ info ] [ LOG ] INIT File
[ error ] [2]Invalid argument supplied for foreach()[D:\phpStudy\WWW\linquan2\wstmart\user\controller\Usercenter.php:518]

---------------------------------------------------------------
[ 2017-05-07T14:46:48+08:00 ] 10.105.123.228 223.167.127.22 GET /linquan2/index.php/user/usercenter/order_detail?token=MTMzODE3MzA5MTM=&orderId=10
[ log ] 115.159.111.127/linquan2/index.php/user/usercenter/order_detail?token=MTMzODE3MzA5MTM=&orderId=10 [运行时间：1.234375s][吞吐率：0.81req/s] [内存消耗：1,834.59kb] [文件加载：44]
[ info ] [ LANG ] D:\phpStudy\WWW\linquan2\thinkphp\lang\zh-cn.php
[ info ] [ ROUTE ] array (
  'type' => 'module',
  'module' => 
  array (
    0 => 'user',
    1 => 'usercenter',
    2 => 'order_detail',
  ),
)
[ info ] [ HEADER ] array (
  'user-agent' => 'okhttp/3.5.0',
  'accept-encoding' => 'gzip',
  'connection' => 'close',
  'host' => '115.159.111.127',
  'charset' => 'UTF-8',
)
[ info ] [ PARAM ] array (
  'token' => 'MTMzODE3MzA5MTM=',
  'orderId' => '10',
)
[ info ] [ CACHE ] INIT File
[ info ] [ BEHAVIOR ] Run Closure @app_begin [ RunTime:0.000000s ]
[ info ] [ BEHAVIOR ] Run wstmart\common\behavior\InitConfig @app_begin [ RunTime:0.000000s ]
[ info ] [ DB ] INIT mysql
[ info ] [ DB ] INIT mysql
[ info ] [ RUN ] wstmart\user\controller\Usercenter->order_detail[ D:\phpStudy\WWW\linquan2\wstmart\user\controller\Usercenter.php ]
[ info ] [ DB ] INIT mysql
[ info ] [ DB ] INIT mysql
[ info ] [ DB ] INIT mysql
[ info ] [ LOG ] INIT File

---------------------------------------------------------------
[ 2017-05-07T14:46:49+08:00 ] 10.105.123.228 223.167.127.22 GET /linquan2/index.php/user/usercenter/exp_detail?token=MTMzODE3MzA5MTM=&orderId=10
[ log ] 115.159.111.127/linquan2/index.php/user/usercenter/exp_detail?token=MTMzODE3MzA5MTM=&orderId=10 [运行时间：0.046875s][吞吐率：21.33req/s] [内存消耗：1,777.55kb] [文件加载：44]
[ info ] [ LANG ] D:\phpStudy\WWW\linquan2\thinkphp\lang\zh-cn.php
[ info ] [ ROUTE ] array (
  'type' => 'module',
  'module' => 
  array (
    0 => 'user',
    1 => 'usercenter',
    2 => 'exp_detail',
  ),
)
[ info ] [ HEADER ] array (
  'user-agent' => 'okhttp/3.5.0',
  'accept-encoding' => 'gzip',
  'connection' => 'close',
  'host' => '115.159.111.127',
  'charset' => 'UTF-8',
)
[ info ] [ PARAM ] array (
  'token' => 'MTMzODE3MzA5MTM=',
  'orderId' => '10',
)
[ info ] [ CACHE ] INIT File
[ info ] [ BEHAVIOR ] Run Closure @app_begin [ RunTime:0.000000s ]
[ info ] [ BEHAVIOR ] Run wstmart\common\behavior\InitConfig @app_begin [ RunTime:0.000000s ]
[ info ] [ DB ] INIT mysql
[ info ] [ DB ] INIT mysql
[ info ] [ RUN ] wstmart\user\controller\Usercenter->exp_detail[ D:\phpStudy\WWW\linquan2\wstmart\user\controller\Usercenter.php ]
[ info ] [ DB ] INIT mysql
[ info ] [ LOG ] INIT File

---------------------------------------------------------------
[ 2017-05-07T14:47:01+08:00 ] 10.105.123.228 223.167.127.22 GET /linquan2/index.php/user/usercenter/order_detail?token=MTMzODE3MzA5MTM=&orderId=15
[ log ] 115.159.111.127/linquan2/index.php/user/usercenter/order_detail?token=MTMzODE3MzA5MTM=&orderId=15 [运行时间：0.046875s][吞吐率：21.33req/s] [内存消耗：1,822.53kb] [文件加载：44]
[ info ] [ LANG ] D:\phpStudy\WWW\linquan2\thinkphp\lang\zh-cn.php
[ info ] [ ROUTE ] array (
  'type' => 'module',
  'module' => 
  array (
    0 => 'user',
    1 => 'usercenter',
    2 => 'order_detail',
  ),
)
[ info ] [ HEADER ] array (
  'user-agent' => 'okhttp/3.5.0',
  'accept-encoding' => 'gzip',
  'connection' => 'close',
  'host' => '115.159.111.127',
  'charset' => 'UTF-8',
)
[ info ] [ PARAM ] array (
  'token' => 'MTMzODE3MzA5MTM=',
  'orderId' => '15',
)
[ info ] [ CACHE ] INIT File
[ info ] [ BEHAVIOR ] Run Closure @app_begin [ RunTime:0.000000s ]
[ info ] [ BEHAVIOR ] Run wstmart\common\behavior\InitConfig @app_begin [ RunTime:0.000000s ]
[ info ] [ DB ] INIT mysql
[ info ] [ DB ] INIT mysql
[ info ] [ RUN ] wstmart\user\controller\Usercenter->order_detail[ D:\phpStudy\WWW\linquan2\wstmart\user\controller\Usercenter.php ]
[ info ] [ DB ] INIT mysql
[ info ] [ DB ] INIT mysql
[ info ] [ DB ] INIT mysql
[ info ] [ LOG ] INIT File

---------------------------------------------------------------
[ 2017-05-07T14:47:03+08:00 ] 10.105.123.228 223.167.127.22 GET /linquan2/index.php/user/usercenter/order_detail?token=MTMzODE3MzA5MTM=&orderId=15
[ log ] 115.159.111.127/linquan2/index.php/user/usercenter/order_detail?token=MTMzODE3MzA5MTM=&orderId=15 [运行时间：0.031250s][吞吐率：32.00req/s] [内存消耗：1,822.53kb] [文件加载：44]
[ info ] [ LANG ] D:\phpStudy\WWW\linquan2\thinkphp\lang\zh-cn.php
[ info ] [ ROUTE ] array (
  'type' => 'module',
  'module' => 
  array (
    0 => 'user',
    1 => 'usercenter',
    2 => 'order_detail',
  ),
)
[ info ] [ HEADER ] array (
  'user-agent' => 'okhttp/3.5.0',
  'accept-encoding' => 'gzip',
  'connection' => 'close',
  'host' => '115.159.111.127',
  'charset' => 'UTF-8',
)
[ info ] [ PARAM ] array (
  'token' => 'MTMzODE3MzA5MTM=',
  'orderId' => '15',
)
[ info ] [ CACHE ] INIT File
[ info ] [ BEHAVIOR ] Run Closure @app_begin [ RunTime:0.000000s ]
[ info ] [ BEHAVIOR ] Run wstmart\common\behavior\InitConfig @app_begin [ RunTime:0.000000s ]
[ info ] [ DB ] INIT mysql
[ info ] [ DB ] INIT mysql
[ info ] [ RUN ] wstmart\user\controller\Usercenter->order_detail[ D:\phpStudy\WWW\linquan2\wstmart\user\controller\Usercenter.php ]
[ info ] [ DB ] INIT mysql
[ info ] [ DB ] INIT mysql
[ info ] [ DB ] INIT mysql
[ info ] [ LOG ] INIT File

---------------------------------------------------------------
[ 2017-05-07T14:47:18+08:00 ] 10.105.123.228 223.167.127.22 GET /linquan2/index.php/user/Usercenter/order?token=MTMzODE3MzA5MTM=&page=1
[ log ] 115.159.111.127/linquan2/index.php/user/Usercenter/order?token=MTMzODE3MzA5MTM=&page=1 [运行时间：0.062500s][吞吐率：16.00req/s] [内存消耗：2,297.91kb] [文件加载：48]
[ info ] [ LANG ] D:\phpStudy\WWW\linquan2\thinkphp\lang\zh-cn.php
[ info ] [ ROUTE ] array (
  'type' => 'module',
  'module' => 
  array (
    0 => 'user',
    1 => 'Usercenter',
    2 => 'order',
  ),
)
[ info ] [ HEADER ] array (
  'user-agent' => 'okhttp/3.5.0',
  'accept-encoding' => 'gzip',
  'connection' => 'close',
  'host' => '115.159.111.127',
  'charset' => 'UTF-8',
)
[ info ] [ PARAM ] array (
  'token' => 'MTMzODE3MzA5MTM=',
  'page' => '1',
)
[ info ] [ CACHE ] INIT File
[ info ] [ BEHAVIOR ] Run Closure @app_begin [ RunTime:0.000000s ]
[ info ] [ BEHAVIOR ] Run wstmart\common\behavior\InitConfig @app_begin [ RunTime:0.000000s ]
[ info ] [ DB ] INIT mysql
[ info ] [ DB ] INIT mysql
[ info ] [ RUN ] wstmart\user\controller\Usercenter->order[ D:\phpStudy\WWW\linquan2\wstmart\user\controller\Usercenter.php ]
[ info ] [ DB ] INIT mysql
[ info ] [ DB ] INIT mysql
[ info ] [ DB ] INIT mysql
[ info ] [ DB ] INIT mysql
[ info ] [ DB ] INIT mysql
[ info ] [ DB ] INIT mysql
[ info ] [ DB ] INIT mysql
[ info ] [ DB ] INIT mysql
[ info ] [ DB ] INIT mysql
[ info ] [ DB ] INIT mysql
[ info ] [ DB ] INIT mysql
[ info ] [ DB ] INIT mysql
[ info ] [ LOG ] INIT File

---------------------------------------------------------------
[ 2017-05-07T14:47:20+08:00 ] 10.105.123.228 223.167.127.22 GET /linquan2/index.php/user/Usercenter/refund?token=MTMzODE3MzA5MTM=&page=1
[ log ] 115.159.111.127/linquan2/index.php/user/Usercenter/refund?token=MTMzODE3MzA5MTM=&page=1 [运行时间：0.062500s][吞吐率：16.00req/s] [内存消耗：2,099.22kb] [文件加载：48]
[ info ] [ LANG ] D:\phpStudy\WWW\linquan2\thinkphp\lang\zh-cn.php
[ info ] [ ROUTE ] array (
  'type' => 'module',
  'module' => 
  array (
    0 => 'user',
    1 => 'Usercenter',
    2 => 'refund',
  ),
)
[ info ] [ HEADER ] array (
  'user-agent' => 'okhttp/3.5.0',
  'accept-encoding' => 'gzip',
  'connection' => 'close',
  'host' => '115.159.111.127',
  'charset' => 'UTF-8',
)
[ info ] [ PARAM ] array (
  'token' => 'MTMzODE3MzA5MTM=',
  'page' => '1',
)
[ info ] [ CACHE ] INIT File
[ info ] [ BEHAVIOR ] Run Closure @app_begin [ RunTime:0.000000s ]
[ info ] [ BEHAVIOR ] Run wstmart\common\behavior\InitConfig @app_begin [ RunTime:0.000000s ]
[ info ] [ DB ] INIT mysql
[ info ] [ DB ] INIT mysql
[ info ] [ RUN ] wstmart\user\controller\Usercenter->refund[ D:\phpStudy\WWW\linquan2\wstmart\user\controller\Usercenter.php ]
[ info ] [ DB ] INIT mysql
[ info ] [ DB ] INIT mysql
[ info ] [ DB ] INIT mysql
[ info ] [ DB ] INIT mysql
[ info ] [ DB ] INIT mysql
[ info ] [ DB ] INIT mysql
[ info ] [ DB ] INIT mysql
[ info ] [ LOG ] INIT File

---------------------------------------------------------------
[ 2017-05-07T14:47:28+08:00 ] 10.105.123.228 223.167.127.22 GET /linquan2/index.php/user/Usercenter/address?token=MTMzODE3MzA5MTM=
[ log ] 115.159.111.127/linquan2/index.php/user/Usercenter/address?token=MTMzODE3MzA5MTM= [运行时间：0.046875s][吞吐率：21.33req/s] [内存消耗：1,886.02kb] [文件加载：44]
[ info ] [ LANG ] D:\phpStudy\WWW\linquan2\thinkphp\lang\zh-cn.php
[ info ] [ ROUTE ] array (
  'type' => 'module',
  'module' => 
  array (
    0 => 'user',
    1 => 'Usercenter',
    2 => 'address',
  ),
)
[ info ] [ HEADER ] array (
  'user-agent' => 'okhttp/3.5.0',
  'accept-encoding' => 'gzip',
  'connection' => 'close',
  'host' => '115.159.111.127',
  'charset' => 'UTF-8',
)
[ info ] [ PARAM ] array (
  'token' => 'MTMzODE3MzA5MTM=',
)
[ info ] [ CACHE ] INIT File
[ info ] [ BEHAVIOR ] Run Closure @app_begin [ RunTime:0.000000s ]
[ info ] [ BEHAVIOR ] Run wstmart\common\behavior\InitConfig @app_begin [ RunTime:0.000000s ]
[ info ] [ DB ] INIT mysql
[ info ] [ DB ] INIT mysql
[ info ] [ RUN ] wstmart\user\controller\Usercenter->address[ D:\phpStudy\WWW\linquan2\wstmart\user\controller\Usercenter.php ]
[ info ] [ DB ] INIT mysql
[ info ] [ DB ] INIT mysql
[ info ] [ DB ] INIT mysql
[ info ] [ DB ] INIT mysql
[ info ] [ DB ] INIT mysql
[ info ] [ DB ] INIT mysql
[ info ] [ DB ] INIT mysql
[ info ] [ LOG ] INIT File

---------------------------------------------------------------
[ 2017-05-07T14:47:55+08:00 ] 10.105.123.228 223.167.127.22 GET /linquan2/index.php/user/usercenter/index?token=MTMzODE3MzA5MTM=
[ log ] 115.159.111.127/linquan2/index.php/user/usercenter/index?token=MTMzODE3MzA5MTM= [运行时间：0.031250s][吞吐率：32.00req/s] [内存消耗：1,814.04kb] [文件加载：44]
[ info ] [ LANG ] D:\phpStudy\WWW\linquan2\thinkphp\lang\zh-cn.php
[ info ] [ ROUTE ] array (
  'type' => 'module',
  'module' => 
  array (
    0 => 'user',
    1 => 'usercenter',
    2 => 'index',
  ),
)
[ info ] [ HEADER ] array (
  'user-agent' => 'okhttp/3.5.0',
  'accept-encoding' => 'gzip',
  'connection' => 'close',
  'host' => '115.159.111.127',
  'charset' => 'UTF-8',
)
[ info ] [ PARAM ] array (
  'token' => 'MTMzODE3MzA5MTM=',
)
[ info ] [ CACHE ] INIT File
[ info ] [ BEHAVIOR ] Run Closure @app_begin [ RunTime:0.000000s ]
[ info ] [ BEHAVIOR ] Run wstmart\common\behavior\InitConfig @app_begin [ RunTime:0.000000s ]
[ info ] [ DB ] INIT mysql
[ info ] [ DB ] INIT mysql
[ info ] [ RUN ] wstmart\user\controller\Usercenter->index[ D:\phpStudy\WWW\linquan2\wstmart\user\controller\Usercenter.php ]
[ info ] [ DB ] INIT mysql
[ info ] [ DB ] INIT mysql
[ info ] [ DB ] INIT mysql
[ info ] [ DB ] INIT mysql
[ info ] [ LOG ] INIT File

---------------------------------------------------------------
[ 2017-05-07T16:41:13+08:00 ] 10.105.123.228 101.226.64.174 GET /linquan2/index.php/user/usercenter/order_detail?token%3DMTMzODE3MzA5MTM%3D%26orderId%3D10
[ log ] 115.159.111.127/linquan2/index.php/user/usercenter/order_detail?token%3DMTMzODE3MzA5MTM%3D%26orderId%3D10 [运行时间：0.031250s][吞吐率：32.00req/s] [内存消耗：1,278.92kb] [文件加载：45]
[ info ] [ LANG ] D:\phpStudy\WWW\linquan2\thinkphp\lang\zh-cn.php
[ info ] [ ROUTE ] array (
  'type' => 'module',
  'module' => 
  array (
    0 => 'user',
    1 => 'usercenter',
    2 => 'order_detail',
  ),
)
[ info ] [ HEADER ] array (
  'connection' => 'close',
  'user-agent' => 'Mozilla/5.0 (iPhone; CPU iPhone OS 9_3_4 like Mac OS X) AppleWebKit/601.1.46 (KHTML, like Gecko) Mobile/13G35 QQ/6.5.3.410 V1_IPH_SQ_6.5.3_1_APP_A Pixel/750 Core/UIWebView NetType/2G Mem/117',
  'accept-language' => 'zh-cn',
  'accept' => '*/*',
  'accept-encoding' => 'deflate, gzip',
  'host' => '115.159.111.127',
)
[ info ] [ PARAM ] array (
  'token=MTMzODE3MzA5MTM=&orderId=10' => '',
)
[ info ] [ CACHE ] INIT File
[ info ] [ BEHAVIOR ] Run Closure @app_begin [ RunTime:0.000000s ]
[ info ] [ BEHAVIOR ] Run wstmart\common\behavior\InitConfig @app_begin [ RunTime:0.000000s ]
[ info ] [ LOG ] INIT File
[ error ] [8]未定义数组索引: token[D:\phpStudy\WWW\linquan2\wstmart\user\controller\Usercenter.php:13]

---------------------------------------------------------------
[ 2017-05-07T16:50:42+08:00 ] 10.105.123.228 183.57.53.177 GET /linquan2/index.php/user/Usercenter/refund?token%3DMTMzODE3MzA5MTM%3D%26page%3D1
[ log ] 115.159.111.127/linquan2/index.php/user/Usercenter/refund?token%3DMTMzODE3MzA5MTM%3D%26page%3D1 [运行时间：0.015625s][吞吐率：64.00req/s] [内存消耗：1,278.81kb] [文件加载：45]
[ info ] [ LANG ] D:\phpStudy\WWW\linquan2\thinkphp\lang\zh-cn.php
[ info ] [ ROUTE ] array (
  'type' => 'module',
  'module' => 
  array (
    0 => 'user',
    1 => 'Usercenter',
    2 => 'refund',
  ),
)
[ info ] [ HEADER ] array (
  'connection' => 'close',
  'user-agent' => 'Mozilla/5.0 (iPhone; CPU iPhone OS 9_3_4 like Mac OS X) AppleWebKit/601.1.46 (KHTML, like Gecko) Mobile/13G35 QQ/6.5.3.410 V1_IPH_SQ_6.5.3_1_APP_A Pixel/750 Core/UIWebView NetType/2G Mem/117',
  'accept-language' => 'zh-cn',
  'accept' => '*/*',
  'accept-encoding' => 'deflate, gzip',
  'host' => '115.159.111.127',
)
[ info ] [ PARAM ] array (
  'token=MTMzODE3MzA5MTM=&page=1' => '',
)
[ info ] [ CACHE ] INIT File
[ info ] [ BEHAVIOR ] Run Closure @app_begin [ RunTime:0.000000s ]
[ info ] [ BEHAVIOR ] Run wstmart\common\behavior\InitConfig @app_begin [ RunTime:0.000000s ]
[ info ] [ LOG ] INIT File
[ error ] [8]未定义数组索引: token[D:\phpStudy\WWW\linquan2\wstmart\user\controller\Usercenter.php:13]

---------------------------------------------------------------
