[ 2017-04-10T23:38:43+08:00 ] 10.105.123.228 140.207.185.109 GET /admin/logmoneys/pageQueryByUser.html
[ log ] lqsc.ahxiaodian.com/admin/logmoneys/pageQueryByUser.html [运行时间：0.031250s][吞吐率：32.00req/s] [内存消耗：1,595.59kb] [文件加载：49]
[ info ] [ LANG ] D:\phpStudy\WWW\linquan2\thinkphp\lang\zh-cn.php
[ info ] [ ROUTE ] array (
  'type' => 'module',
  'module' => 
  array (
    0 => 'admin',
    1 => 'logmoneys',
    2 => 'pageQueryByUser',
  ),
)
[ info ] [ HEADER ] array (
  'connection' => 'close',
  'host' => 'lqsc.ahxiaodian.com',
  'accept-language' => 'zh-CN,zh;q=0.8,en-US;q=0.6,en;q=0.4',
  'accept-encoding' => 'gzip, deflate, sdch, br',
  'accept' => '*/*',
  'user-agent' => 'Mozilla/5.0 (Macintosh; Intel Mac OS X 10_12_4) AppleWebKit/537.36 (KHTML, like Gecko) 			Chrome/55.0.2883.95 Safari/537.36',
)
[ info ] [ PARAM ] array (
)
[ info ] [ CACHE ] INIT File
[ info ] [ BEHAVIOR ] Run Closure @app_begin [ RunTime:0.000000s ]
[ info ] [ BEHAVIOR ] Run wstmart\common\behavior\InitConfig @app_begin [ RunTime:0.000000s ]
[ info ] [ BEHAVIOR ] Run wstmart\admin\behavior\InitConfig @module_init [ RunTime:0.000000s ]
[ info ] [ SESSION ] INIT array (
  'id' => '',
  'var_session_id' => '',
  'prefix' => 'WSTMART_',
  'type' => '',
  'auto_start' => true,
)
[ info ] [ LOG ] INIT File

---------------------------------------------------------------
[ 2017-04-10T23:38:43+08:00 ] 10.105.123.228 140.207.185.109 GET /admin/index/login.html
[ log ] lqsc.ahxiaodian.com/admin/index/login.html [运行时间：0.031250s][吞吐率：32.00req/s] [内存消耗：2,475.27kb] [文件加载：63]
[ info ] [ LANG ] D:\phpStudy\WWW\linquan2\thinkphp\lang\zh-cn.php
[ info ] [ ROUTE ] array (
  'type' => 'module',
  'module' => 
  array (
    0 => 'admin',
    1 => 'index',
    2 => 'login',
  ),
)
[ info ] [ HEADER ] array (
  'connection' => 'close',
  'host' => 'lqsc.ahxiaodian.com',
  'accept-language' => 'zh-CN,zh;q=0.8,en-US;q=0.6,en;q=0.4',
  'cookie' => 'PHPSESSID=1o53970l5mrll986ef8q8cind6',
  'referer' => 'http://lqsc.ahxiaodian.com/admin/logmoneys/pageQueryByUser.html',
  'accept-encoding' => 'gzip, deflate, sdch, br',
  'accept' => '*/*',
  'user-agent' => 'Mozilla/5.0 (Macintosh; Intel Mac OS X 10_12_4) AppleWebKit/537.36 (KHTML, like Gecko) 			Chrome/55.0.2883.95 Safari/537.36',
)
[ info ] [ PARAM ] array (
)
[ info ] [ CACHE ] INIT File
[ info ] [ BEHAVIOR ] Run Closure @app_begin [ RunTime:0.000000s ]
[ info ] [ BEHAVIOR ] Run wstmart\common\behavior\InitConfig @app_begin [ RunTime:0.000000s ]
[ info ] [ BEHAVIOR ] Run wstmart\admin\behavior\InitConfig @module_init [ RunTime:0.000000s ]
[ info ] [ SESSION ] INIT array (
  'id' => '',
  'var_session_id' => '',
  'prefix' => 'WSTMART_',
  'type' => '',
  'auto_start' => true,
)
[ info ] [ BEHAVIOR ] Run wstmart\admin\behavior\ListenLoginStatus @action_begin [ RunTime:0.000000s ]
[ info ] [ BEHAVIOR ] Run wstmart\admin\behavior\ListenPrivilege @action_begin [ RunTime:0.000000s ]
[ info ] [ BEHAVIOR ] Run wstmart\admin\behavior\ListenOperate @action_begin [ RunTime:0.000000s ]
[ info ] [ RUN ] wstmart\admin\controller\Index->login[ D:\phpStudy\WWW\linquan2\wstmart\admin\controller\Index.php ]
[ info ] [ DB ] INIT mysql
[ info ] [ VIEW ] D:\phpStudy\WWW\linquan2/wstmart/admin\view\login.html [ array (
  0 => 'v',
) ]
[ info ] [ LOG ] INIT File

---------------------------------------------------------------
[ 2017-04-10T23:38:44+08:00 ] 10.105.123.228 180.153.214.176 GET /admin/logmoneys/pageQueryByUser.html
[ log ] lqsc.ahxiaodian.com/admin/logmoneys/pageQueryByUser.html [运行时间：0.015625s][吞吐率：64.00req/s] [内存消耗：1,595.73kb] [文件加载：49]
[ info ] [ LANG ] D:\phpStudy\WWW\linquan2\thinkphp\lang\zh-cn.php
[ info ] [ ROUTE ] array (
  'type' => 'module',
  'module' => 
  array (
    0 => 'admin',
    1 => 'logmoneys',
    2 => 'pageQueryByUser',
  ),
)
[ info ] [ HEADER ] array (
  'connection' => 'close',
  'host' => 'lqsc.ahxiaodian.com',
  'accept-language' => 'zh-CN,zh;q=0.8,en-US;q=0.6,en;q=0.4',
  'accept-encoding' => 'gzip, deflate, sdch, br',
  'accept' => '*/*',
  'user-agent' => 'Mozilla/5.0 (Windows NT 6.1; WOW64; Trident/7.0; SLCC2; .NET CLR 2.0.50727; .NET CLR 3.5.30729; .NET CLR 3.0.30729; Media Center PC 6.0; .NET4.0C; .NET4.0E; InfoPath.3; rv:11.0) like Gecko',
)
[ info ] [ PARAM ] array (
)
[ info ] [ CACHE ] INIT File
[ info ] [ BEHAVIOR ] Run Closure @app_begin [ RunTime:0.000000s ]
[ info ] [ BEHAVIOR ] Run wstmart\common\behavior\InitConfig @app_begin [ RunTime:0.000000s ]
[ info ] [ BEHAVIOR ] Run wstmart\admin\behavior\InitConfig @module_init [ RunTime:0.000000s ]
[ info ] [ SESSION ] INIT array (
  'id' => '',
  'var_session_id' => '',
  'prefix' => 'WSTMART_',
  'type' => '',
  'auto_start' => true,
)
[ info ] [ LOG ] INIT File

---------------------------------------------------------------
[ 2017-04-10T23:38:44+08:00 ] 10.105.123.228 101.226.65.102 GET /admin/logmoneys/pageQueryByUser.html
[ log ] lqsc.ahxiaodian.com/admin/logmoneys/pageQueryByUser.html [运行时间：0.031250s][吞吐率：32.00req/s] [内存消耗：1,595.63kb] [文件加载：49]
[ info ] [ LANG ] D:\phpStudy\WWW\linquan2\thinkphp\lang\zh-cn.php
[ info ] [ ROUTE ] array (
  'type' => 'module',
  'module' => 
  array (
    0 => 'admin',
    1 => 'logmoneys',
    2 => 'pageQueryByUser',
  ),
)
[ info ] [ HEADER ] array (
  'connection' => 'close',
  'host' => 'lqsc.ahxiaodian.com',
  'accept-language' => 'zh-CN,zh;q=0.8,en-US;q=0.6,en;q=0.4',
  'accept-encoding' => 'gzip, deflate, sdch, br',
  'accept' => '*/*',
  'user-agent' => 'Mozilla/5.0 (Windows NT 6.1; WOW64) AppleWebKit/537.36 (KHTML, like Gecko) Chrome/45.0.2454.101 Safari/537.36',
)
[ info ] [ PARAM ] array (
)
[ info ] [ CACHE ] INIT File
[ info ] [ BEHAVIOR ] Run Closure @app_begin [ RunTime:0.015625s ]
[ info ] [ BEHAVIOR ] Run wstmart\common\behavior\InitConfig @app_begin [ RunTime:0.000000s ]
[ info ] [ BEHAVIOR ] Run wstmart\admin\behavior\InitConfig @module_init [ RunTime:0.000000s ]
[ info ] [ SESSION ] INIT array (
  'id' => '',
  'var_session_id' => '',
  'prefix' => 'WSTMART_',
  'type' => '',
  'auto_start' => true,
)
[ info ] [ LOG ] INIT File

---------------------------------------------------------------
[ 2017-04-10T23:38:44+08:00 ] 10.105.123.228 101.226.79.182 GET /admin/logmoneys/pageQueryByUser.html
[ log ] lqsc.ahxiaodian.com/admin/logmoneys/pageQueryByUser.html [运行时间：0.031250s][吞吐率：32.00req/s] [内存消耗：1,595.80kb] [文件加载：49]
[ info ] [ LANG ] D:\phpStudy\WWW\linquan2\thinkphp\lang\zh-cn.php
[ info ] [ ROUTE ] array (
  'type' => 'module',
  'module' => 
  array (
    0 => 'admin',
    1 => 'logmoneys',
    2 => 'pageQueryByUser',
  ),
)
[ info ] [ HEADER ] array (
  'connection' => 'close',
  'host' => 'lqsc.ahxiaodian.com',
  'accept-language' => 'zh-CN,zh;q=0.8,en-US;q=0.6,en;q=0.4',
  'accept-encoding' => 'gzip, deflate, sdch, br',
  'accept' => '*/*',
  'user-agent' => 'Mozilla/5.0 (Windows NT 6.1; WOW64) AppleWebKit/537.36 (KHTML, like Gecko) Chrome/53.0.2785.104 Safari/537.36 Core/1.53.2141.400 QQBrowser/9.5.10219.400',
)
[ info ] [ PARAM ] array (
)
[ info ] [ CACHE ] INIT File
[ info ] [ BEHAVIOR ] Run Closure @app_begin [ RunTime:0.000000s ]
[ info ] [ BEHAVIOR ] Run wstmart\common\behavior\InitConfig @app_begin [ RunTime:0.000000s ]
[ info ] [ BEHAVIOR ] Run wstmart\admin\behavior\InitConfig @module_init [ RunTime:0.000000s ]
[ info ] [ SESSION ] INIT array (
  'id' => '',
  'var_session_id' => '',
  'prefix' => 'WSTMART_',
  'type' => '',
  'auto_start' => true,
)
[ info ] [ LOG ] INIT File

---------------------------------------------------------------
[ 2017-04-10T23:38:44+08:00 ] 10.105.123.228 180.153.214.176 GET /admin/index/login.html
[ log ] lqsc.ahxiaodian.com/admin/index/login.html [运行时间：0.046875s][吞吐率：21.33req/s] [内存消耗：2,475.41kb] [文件加载：63]
[ info ] [ LANG ] D:\phpStudy\WWW\linquan2\thinkphp\lang\zh-cn.php
[ info ] [ ROUTE ] array (
  'type' => 'module',
  'module' => 
  array (
    0 => 'admin',
    1 => 'index',
    2 => 'login',
  ),
)
[ info ] [ HEADER ] array (
  'connection' => 'close',
  'host' => 'lqsc.ahxiaodian.com',
  'accept-language' => 'zh-CN,zh;q=0.8,en-US;q=0.6,en;q=0.4',
  'cookie' => 'PHPSESSID=f1ct13pie0i5evebldvskavmi3',
  'referer' => 'http://lqsc.ahxiaodian.com/admin/logmoneys/pageQueryByUser.html',
  'accept-encoding' => 'gzip, deflate, sdch, br',
  'accept' => '*/*',
  'user-agent' => 'Mozilla/5.0 (Windows NT 6.1; WOW64; Trident/7.0; SLCC2; .NET CLR 2.0.50727; .NET CLR 3.5.30729; .NET CLR 3.0.30729; Media Center PC 6.0; .NET4.0C; .NET4.0E; InfoPath.3; rv:11.0) like Gecko',
)
[ info ] [ PARAM ] array (
)
[ info ] [ CACHE ] INIT File
[ info ] [ BEHAVIOR ] Run Closure @app_begin [ RunTime:0.000000s ]
[ info ] [ BEHAVIOR ] Run wstmart\common\behavior\InitConfig @app_begin [ RunTime:0.000000s ]
[ info ] [ BEHAVIOR ] Run wstmart\admin\behavior\InitConfig @module_init [ RunTime:0.000000s ]
[ info ] [ SESSION ] INIT array (
  'id' => '',
  'var_session_id' => '',
  'prefix' => 'WSTMART_',
  'type' => '',
  'auto_start' => true,
)
[ info ] [ BEHAVIOR ] Run wstmart\admin\behavior\ListenLoginStatus @action_begin [ RunTime:0.000000s ]
[ info ] [ BEHAVIOR ] Run wstmart\admin\behavior\ListenPrivilege @action_begin [ RunTime:0.000000s ]
[ info ] [ BEHAVIOR ] Run wstmart\admin\behavior\ListenOperate @action_begin [ RunTime:0.000000s ]
[ info ] [ RUN ] wstmart\admin\controller\Index->login[ D:\phpStudy\WWW\linquan2\wstmart\admin\controller\Index.php ]
[ info ] [ DB ] INIT mysql
[ info ] [ VIEW ] D:\phpStudy\WWW\linquan2/wstmart/admin\view\login.html [ array (
  0 => 'v',
) ]
[ info ] [ LOG ] INIT File

---------------------------------------------------------------
[ 2017-04-10T23:38:44+08:00 ] 10.105.123.228 101.226.79.182 GET /admin/index/login.html
[ log ] lqsc.ahxiaodian.com/admin/index/login.html [运行时间：0.046875s][吞吐率：21.33req/s] [内存消耗：2,475.35kb] [文件加载：63]
[ info ] [ LANG ] D:\phpStudy\WWW\linquan2\thinkphp\lang\zh-cn.php
[ info ] [ ROUTE ] array (
  'type' => 'module',
  'module' => 
  array (
    0 => 'admin',
    1 => 'index',
    2 => 'login',
  ),
)
[ info ] [ HEADER ] array (
  'connection' => 'close',
  'host' => 'lqsc.ahxiaodian.com',
  'accept-language' => 'zh-CN,zh;q=0.8,en-US;q=0.6,en;q=0.4',
  'cookie' => 'PHPSESSID=m3kb788g14laqq7kskvrb5jpi6',
  'referer' => 'http://lqsc.ahxiaodian.com/admin/logmoneys/pageQueryByUser.html',
  'accept-encoding' => 'gzip, deflate, sdch, br',
  'accept' => '*/*',
  'user-agent' => 'Mozilla/5.0 (Windows NT 6.1; WOW64) AppleWebKit/537.36 (KHTML, like Gecko) Chrome/53.0.2785.104 Safari/537.36 Core/1.53.2141.400 QQBrowser/9.5.10219.400',
)
[ info ] [ PARAM ] array (
)
[ info ] [ CACHE ] INIT File
[ info ] [ BEHAVIOR ] Run Closure @app_begin [ RunTime:0.000000s ]
[ info ] [ BEHAVIOR ] Run wstmart\common\behavior\InitConfig @app_begin [ RunTime:0.000000s ]
[ info ] [ BEHAVIOR ] Run wstmart\admin\behavior\InitConfig @module_init [ RunTime:0.000000s ]
[ info ] [ SESSION ] INIT array (
  'id' => '',
  'var_session_id' => '',
  'prefix' => 'WSTMART_',
  'type' => '',
  'auto_start' => true,
)
[ info ] [ BEHAVIOR ] Run wstmart\admin\behavior\ListenLoginStatus @action_begin [ RunTime:0.000000s ]
[ info ] [ BEHAVIOR ] Run wstmart\admin\behavior\ListenPrivilege @action_begin [ RunTime:0.000000s ]
[ info ] [ BEHAVIOR ] Run wstmart\admin\behavior\ListenOperate @action_begin [ RunTime:0.000000s ]
[ info ] [ RUN ] wstmart\admin\controller\Index->login[ D:\phpStudy\WWW\linquan2\wstmart\admin\controller\Index.php ]
[ info ] [ DB ] INIT mysql
[ info ] [ VIEW ] D:\phpStudy\WWW\linquan2/wstmart/admin\view\login.html [ array (
  0 => 'v',
) ]
[ info ] [ LOG ] INIT File

---------------------------------------------------------------
[ 2017-04-10T23:38:44+08:00 ] 10.105.123.228 101.226.65.102 GET /admin/index/login.html
[ log ] lqsc.ahxiaodian.com/admin/index/login.html [运行时间：0.046875s][吞吐率：21.33req/s] [内存消耗：2,475.23kb] [文件加载：63]
[ info ] [ LANG ] D:\phpStudy\WWW\linquan2\thinkphp\lang\zh-cn.php
[ info ] [ ROUTE ] array (
  'type' => 'module',
  'module' => 
  array (
    0 => 'admin',
    1 => 'index',
    2 => 'login',
  ),
)
[ info ] [ HEADER ] array (
  'connection' => 'close',
  'host' => 'lqsc.ahxiaodian.com',
  'accept-language' => 'zh-CN,zh;q=0.8,en-US;q=0.6,en;q=0.4',
  'cookie' => 'PHPSESSID=ksqk3vpphusd6i40v14htht5h2',
  'referer' => 'http://lqsc.ahxiaodian.com/admin/logmoneys/pageQueryByUser.html',
  'accept-encoding' => 'gzip, deflate, sdch, br',
  'accept' => '*/*',
  'user-agent' => 'Mozilla/5.0 (Windows NT 6.1; WOW64) AppleWebKit/537.36 (KHTML, like Gecko) Chrome/45.0.2454.101 Safari/537.36',
)
[ info ] [ PARAM ] array (
)
[ info ] [ CACHE ] INIT File
[ info ] [ BEHAVIOR ] Run Closure @app_begin [ RunTime:0.000000s ]
[ info ] [ BEHAVIOR ] Run wstmart\common\behavior\InitConfig @app_begin [ RunTime:0.000000s ]
[ info ] [ BEHAVIOR ] Run wstmart\admin\behavior\InitConfig @module_init [ RunTime:0.000000s ]
[ info ] [ SESSION ] INIT array (
  'id' => '',
  'var_session_id' => '',
  'prefix' => 'WSTMART_',
  'type' => '',
  'auto_start' => true,
)
[ info ] [ BEHAVIOR ] Run wstmart\admin\behavior\ListenLoginStatus @action_begin [ RunTime:0.000000s ]
[ info ] [ BEHAVIOR ] Run wstmart\admin\behavior\ListenPrivilege @action_begin [ RunTime:0.000000s ]
[ info ] [ BEHAVIOR ] Run wstmart\admin\behavior\ListenOperate @action_begin [ RunTime:0.000000s ]
[ info ] [ RUN ] wstmart\admin\controller\Index->login[ D:\phpStudy\WWW\linquan2\wstmart\admin\controller\Index.php ]
[ info ] [ DB ] INIT mysql
[ info ] [ VIEW ] D:\phpStudy\WWW\linquan2/wstmart/admin\view\login.html [ array (
  0 => 'v',
) ]
[ info ] [ LOG ] INIT File

---------------------------------------------------------------
[ 2017-04-10T23:46:58+08:00 ] 10.105.123.228 183.57.53.177 GET /admin/index/clearcache.html
[ log ] lqsc.ahxiaodian.com/admin/index/clearcache.html [运行时间：0.015625s][吞吐率：64.00req/s] [内存消耗：1,607.03kb] [文件加载：49]
[ info ] [ LANG ] D:\phpStudy\WWW\linquan2\thinkphp\lang\zh-cn.php
[ info ] [ ROUTE ] array (
  'type' => 'module',
  'module' => 
  array (
    0 => 'admin',
    1 => 'index',
    2 => 'clearcache',
  ),
)
[ info ] [ HEADER ] array (
  'connection' => 'close',
  'user-agent' => 'Mozilla/5.0 (iPhone; CPU iPhone OS 9_3_4 like Mac OS X) AppleWebKit/601.1.46 (KHTML, like Gecko) Mobile/13G35 QQ/6.5.3.410 V1_IPH_SQ_6.5.3_1_APP_A Pixel/750 Core/UIWebView NetType/2G Mem/117',
  'accept-language' => 'zh-cn',
  'accept' => '*/*',
  'accept-encoding' => 'deflate, gzip',
  'host' => 'lqsc.ahxiaodian.com',
)
[ info ] [ PARAM ] array (
)
[ info ] [ CACHE ] INIT File
[ info ] [ BEHAVIOR ] Run Closure @app_begin [ RunTime:0.000000s ]
[ info ] [ BEHAVIOR ] Run wstmart\common\behavior\InitConfig @app_begin [ RunTime:0.000000s ]
[ info ] [ BEHAVIOR ] Run wstmart\admin\behavior\InitConfig @module_init [ RunTime:0.000000s ]
[ info ] [ SESSION ] INIT array (
  'id' => '',
  'var_session_id' => '',
  'prefix' => 'WSTMART_',
  'type' => '',
  'auto_start' => true,
)
[ info ] [ LOG ] INIT File

---------------------------------------------------------------
[ 2017-04-10T23:46:58+08:00 ] 10.105.123.228 183.57.53.177 GET /admin/index/login.html
[ log ] lqsc.ahxiaodian.com/admin/index/login.html [运行时间：0.031250s][吞吐率：32.00req/s] [内存消耗：2,475.16kb] [文件加载：63]
[ info ] [ LANG ] D:\phpStudy\WWW\linquan2\thinkphp\lang\zh-cn.php
[ info ] [ ROUTE ] array (
  'type' => 'module',
  'module' => 
  array (
    0 => 'admin',
    1 => 'index',
    2 => 'login',
  ),
)
[ info ] [ HEADER ] array (
  'connection' => 'close',
  'user-agent' => 'Mozilla/5.0 (iPhone; CPU iPhone OS 9_3_4 like Mac OS X) AppleWebKit/601.1.46 (KHTML, like Gecko) Mobile/13G35 QQ/6.5.3.410 V1_IPH_SQ_6.5.3_1_APP_A Pixel/750 Core/UIWebView NetType/2G Mem/117',
  'accept-language' => 'zh-cn',
  'accept' => '*/*',
  'referer' => 'HTTP://lqsc.ahxiaodian.com/admin/index/clearcache.html',
  'accept-encoding' => 'deflate, gzip',
  'host' => 'lqsc.ahxiaodian.com',
)
[ info ] [ PARAM ] array (
)
[ info ] [ CACHE ] INIT File
[ info ] [ BEHAVIOR ] Run Closure @app_begin [ RunTime:0.015625s ]
[ info ] [ BEHAVIOR ] Run wstmart\common\behavior\InitConfig @app_begin [ RunTime:0.000000s ]
[ info ] [ BEHAVIOR ] Run wstmart\admin\behavior\InitConfig @module_init [ RunTime:0.000000s ]
[ info ] [ SESSION ] INIT array (
  'id' => '',
  'var_session_id' => '',
  'prefix' => 'WSTMART_',
  'type' => '',
  'auto_start' => true,
)
[ info ] [ BEHAVIOR ] Run wstmart\admin\behavior\ListenLoginStatus @action_begin [ RunTime:0.000000s ]
[ info ] [ BEHAVIOR ] Run wstmart\admin\behavior\ListenPrivilege @action_begin [ RunTime:0.000000s ]
[ info ] [ BEHAVIOR ] Run wstmart\admin\behavior\ListenOperate @action_begin [ RunTime:0.000000s ]
[ info ] [ RUN ] wstmart\admin\controller\Index->login[ D:\phpStudy\WWW\linquan2\wstmart\admin\controller\Index.php ]
[ info ] [ DB ] INIT mysql
[ info ] [ VIEW ] D:\phpStudy\WWW\linquan2/wstmart/admin\view\login.html [ array (
  0 => 'v',
) ]
[ info ] [ LOG ] INIT File

---------------------------------------------------------------
[ 2017-04-10T23:47:07+08:00 ] 10.105.123.228 117.185.27.113 GET /admin/accreds/get.html
[ log ] lqsc.ahxiaodian.com/admin/accreds/get.html [运行时间：0.015625s][吞吐率：64.00req/s] [内存消耗：1,604.99kb] [文件加载：49]
[ info ] [ LANG ] D:\phpStudy\WWW\linquan2\thinkphp\lang\zh-cn.php
[ info ] [ ROUTE ] array (
  'type' => 'module',
  'module' => 
  array (
    0 => 'admin',
    1 => 'accreds',
    2 => 'get',
  ),
)
[ info ] [ HEADER ] array (
  'connection' => 'close',
  'host' => 'lqsc.ahxiaodian.com',
  'accept-language' => 'zh-CN,zh;q=0.8,en-US;q=0.6,en;q=0.4',
  'accept-encoding' => 'gzip, deflate, sdch, br',
  'accept' => '*/*',
  'user-agent' => 'Mozilla/5.0 (Windows NT 6.1; WOW64) AppleWebKit/537.36 (KHTML, like Gecko) Chrome/45.0.2454.101 Safari/537.36',
)
[ info ] [ PARAM ] array (
)
[ info ] [ CACHE ] INIT File
[ info ] [ BEHAVIOR ] Run Closure @app_begin [ RunTime:0.015625s ]
[ info ] [ BEHAVIOR ] Run wstmart\common\behavior\InitConfig @app_begin [ RunTime:0.000000s ]
[ info ] [ BEHAVIOR ] Run wstmart\admin\behavior\InitConfig @module_init [ RunTime:0.000000s ]
[ info ] [ SESSION ] INIT array (
  'id' => '',
  'var_session_id' => '',
  'prefix' => 'WSTMART_',
  'type' => '',
  'auto_start' => true,
)
[ info ] [ LOG ] INIT File

---------------------------------------------------------------
[ 2017-04-10T23:47:07+08:00 ] 10.105.123.228 117.185.27.113 GET /admin/index/login.html
[ log ] lqsc.ahxiaodian.com/admin/index/login.html [运行时间：0.046875s][吞吐率：21.33req/s] [内存消耗：2,475.21kb] [文件加载：63]
[ info ] [ LANG ] D:\phpStudy\WWW\linquan2\thinkphp\lang\zh-cn.php
[ info ] [ ROUTE ] array (
  'type' => 'module',
  'module' => 
  array (
    0 => 'admin',
    1 => 'index',
    2 => 'login',
  ),
)
[ info ] [ HEADER ] array (
  'connection' => 'close',
  'host' => 'lqsc.ahxiaodian.com',
  'accept-language' => 'zh-CN,zh;q=0.8,en-US;q=0.6,en;q=0.4',
  'cookie' => 'PHPSESSID=4th2qn6k7fqkm31u986ue7us61',
  'referer' => 'http://lqsc.ahxiaodian.com/admin/accreds/get.html',
  'accept-encoding' => 'gzip, deflate, sdch, br',
  'accept' => '*/*',
  'user-agent' => 'Mozilla/5.0 (Windows NT 6.1; WOW64) AppleWebKit/537.36 (KHTML, like Gecko) Chrome/45.0.2454.101 Safari/537.36',
)
[ info ] [ PARAM ] array (
)
[ info ] [ CACHE ] INIT File
[ info ] [ BEHAVIOR ] Run Closure @app_begin [ RunTime:0.000000s ]
[ info ] [ BEHAVIOR ] Run wstmart\common\behavior\InitConfig @app_begin [ RunTime:0.000000s ]
[ info ] [ BEHAVIOR ] Run wstmart\admin\behavior\InitConfig @module_init [ RunTime:0.000000s ]
[ info ] [ SESSION ] INIT array (
  'id' => '',
  'var_session_id' => '',
  'prefix' => 'WSTMART_',
  'type' => '',
  'auto_start' => true,
)
[ info ] [ BEHAVIOR ] Run wstmart\admin\behavior\ListenLoginStatus @action_begin [ RunTime:0.000000s ]
[ info ] [ BEHAVIOR ] Run wstmart\admin\behavior\ListenPrivilege @action_begin [ RunTime:0.000000s ]
[ info ] [ BEHAVIOR ] Run wstmart\admin\behavior\ListenOperate @action_begin [ RunTime:0.000000s ]
[ info ] [ RUN ] wstmart\admin\controller\Index->login[ D:\phpStudy\WWW\linquan2\wstmart\admin\controller\Index.php ]
[ info ] [ DB ] INIT mysql
[ info ] [ VIEW ] D:\phpStudy\WWW\linquan2/wstmart/admin\view\login.html [ array (
  0 => 'v',
) ]
[ info ] [ LOG ] INIT File

---------------------------------------------------------------
